mode: set
ci-cd/cmd/ci/main.go:17.13,40.42 3 0
ci-cd/cmd/ci/main.go:40.42,42.3 1 0
ci-cd/internal/util/util.go:12.35,15.31 3 1
ci-cd/internal/util/util.go:15.31,16.82 1 1
ci-cd/internal/util/util.go:16.82,18.4 1 1
ci-cd/internal/util/util.go:19.3,19.43 1 1
ci-cd/internal/util/util.go:19.43,21.4 1 0
ci-cd/internal/util/util.go:22.8,22.25 1 0
ci-cd/internal/util/util.go:22.25,24.3 1 0
ci-cd/internal/util/util.go:25.2,25.21 1 1
ci-cd/internal/util/util.go:25.21,27.3 1 1
ci-cd/internal/util/util.go:28.2,28.15 1 1
ci-cd/internal/util/util.go:32.28,34.30 2 1
ci-cd/internal/util/util.go:34.30,36.57 2 1
ci-cd/internal/util/util.go:36.57,38.4 1 1
ci-cd/internal/util/util.go:40.2,40.15 1 1
ci-cd/internal/security/security.go:24.52,26.48 2 1
ci-cd/internal/security/security.go:26.48,27.98 1 1
ci-cd/internal/security/security.go:27.98,29.4 1 1
ci-cd/internal/security/security.go:32.2,33.57 2 1
ci-cd/internal/security/security.go:33.57,35.3 1 0
ci-cd/internal/security/security.go:36.2,36.90 1 1
ci-cd/internal/security/security.go:36.90,38.3 1 0
ci-cd/internal/security/security.go:39.2,39.17 1 1
ci-cd/internal/security/security.go:43.64,45.16 2 1
ci-cd/internal/security/security.go:45.16,47.3 1 1
ci-cd/internal/security/security.go:48.2,49.16 2 1
ci-cd/internal/security/security.go:49.16,51.3 1 0
ci-cd/internal/security/security.go:52.2,53.59 2 1
ci-cd/internal/security/security.go:53.59,55.3 1 0
ci-cd/internal/security/security.go:56.2,57.71 2 1
ci-cd/internal/security/security.go:61.65,62.43 1 1
ci-cd/internal/security/security.go:62.43,64.3 1 1
ci-cd/internal/security/security.go:65.2,66.16 2 1
ci-cd/internal/security/security.go:66.16,68.3 1 1
ci-cd/internal/security/security.go:69.2,70.16 2 1
ci-cd/internal/security/security.go:70.16,72.3 1 0
ci-cd/internal/security/security.go:73.2,74.16 2 1
ci-cd/internal/security/security.go:74.16,76.3 1 0
ci-cd/internal/security/security.go:77.2,77.32 1 1
ci-cd/internal/security/security.go:77.32,79.3 1 1
ci-cd/internal/security/security.go:80.2,82.16 3 1
ci-cd/internal/security/security.go:82.16,84.3 1 1
ci-cd/internal/security/security.go:85.2,85.27 1 1
ci-cd/internal/security/security.go:89.38,91.2 1 1
ci-cd/internal/security/security.go:94.72,97.16 3 1
ci-cd/internal/security/security.go:97.16,99.3 1 1
ci-cd/internal/security/security.go:100.2,101.20 2 1
ci-cd/internal/security/security.go:101.20,101.55 2 0
ci-cd/internal/security/security.go:102.2,102.43 1 1
ci-cd/internal/security/security.go:102.43,105.3 2 0
ci-cd/internal/security/security.go:106.2,106.36 1 1
ci-cd/internal/security/security.go:106.36,109.3 2 0
ci-cd/internal/security/security.go:110.2,110.48 1 1
ci-cd/internal/security/security.go:110.48,113.3 2 0
ci-cd/internal/security/security.go:114.2,114.49 1 1
ci-cd/internal/security/security.go:114.49,117.3 2 0
ci-cd/internal/security/security.go:118.2,118.12 1 1
ci-cd/internal/security/security.go:123.46,127.16 4 1
ci-cd/internal/security/security.go:127.16,129.3 1 1
ci-cd/internal/security/security.go:130.2,130.80 1 1
ci-cd/internal/security/security.go:135.51,136.83 1 1
ci-cd/internal/security/security.go:136.83,138.3 1 1
ci-cd/internal/security/security.go:139.2,139.35 1 1
ci-cd/internal/config/auth.go:27.40,29.2 1 1
ci-cd/internal/config/auth.go:32.50,35.16 3 1
ci-cd/internal/config/auth.go:35.16,37.95 2 1
ci-cd/internal/config/auth.go:37.95,39.4 1 1
ci-cd/internal/config/auth.go:43.2,44.46 2 1
ci-cd/internal/config/auth.go:44.46,46.3 1 0
ci-cd/internal/config/auth.go:47.2,47.18 1 1
ci-cd/internal/config/auth.go:51.53,53.16 2 1
ci-cd/internal/config/auth.go:53.16,55.3 1 0
ci-cd/internal/config/auth.go:56.2,56.54 1 1
ci-cd/internal/config/auth.go:60.59,68.2 3 1
ci-cd/internal/config/auth.go:71.59,73.2 1 1
ci-cd/internal/config/auth.go:76.49,81.2 4 1
ci-cd/internal/config/auth.go:84.28,86.40 2 1
ci-cd/internal/config/auth.go:86.40,89.3 1 0
ci-cd/internal/config/auth.go:90.2,90.45 1 1
ci-cd/internal/config/config.go:40.49,41.23 1 1
ci-cd/internal/config/config.go:41.23,43.3 1 1
ci-cd/internal/config/config.go:44.2,44.28 1 1
ci-cd/internal/config/config.go:44.28,45.17 1 1
ci-cd/internal/config/config.go:45.17,47.4 1 1
ci-cd/internal/config/config.go:49.2,49.13 1 1
ci-cd/internal/config/config.go:82.44,90.2 1 1
ci-cd/internal/config/config.go:94.46,96.53 2 1
ci-cd/internal/config/config.go:96.53,98.30 2 1
ci-cd/internal/config/config.go:98.30,99.17 1 1
ci-cd/internal/config/config.go:99.17,101.5 1 1
ci-cd/internal/config/config.go:103.3,103.16 1 1
ci-cd/internal/config/config.go:105.2,106.37 2 1
ci-cd/internal/config/config.go:106.37,107.16 1 1
ci-cd/internal/config/config.go:107.16,109.4 1 1
ci-cd/internal/config/config.go:111.2,111.15 1 1
ci-cd/internal/config/config.go:131.47,133.16 2 1
ci-cd/internal/config/config.go:133.16,135.3 1 1
ci-cd/internal/config/config.go:136.2,137.51 2 1
ci-cd/internal/config/config.go:137.51,139.3 1 1
ci-cd/internal/config/config.go:140.2,141.16 2 1
ci-cd/internal/config/config.go:141.16,143.3 1 0
ci-cd/internal/config/config.go:144.2,145.30 2 1
ci-cd/internal/config/config.go:145.30,148.36 2 1
ci-cd/internal/config/config.go:148.36,150.4 1 1
ci-cd/internal/config/config.go:152.2,152.18 1 1
ci-cd/internal/config/config.go:156.36,157.17 1 1
ci-cd/internal/config/config.go:157.17,159.3 1 1
ci-cd/internal/config/config.go:160.2,160.22 1 1
ci-cd/internal/config/config.go:160.22,162.3 1 1
ci-cd/internal/config/config.go:165.50,166.20 1 1
ci-cd/internal/config/config.go:166.20,168.32 2 1
ci-cd/internal/config/config.go:168.32,169.17 1 1
ci-cd/internal/config/config.go:169.17,171.5 1 1
ci-cd/internal/config/config.go:173.3,173.17 1 1
ci-cd/internal/config/config.go:175.2,176.28 2 1
ci-cd/internal/config/config.go:176.28,177.32 1 1
ci-cd/internal/config/config.go:177.32,178.35 1 1
ci-cd/internal/config/config.go:178.35,180.10 2 1
ci-cd/internal/config/config.go:184.2,184.16 1 1
ci-cd/internal/sshutil/sshutil.go:25.42,27.2 1 1
ci-cd/internal/sshutil/sshutil.go:36.60,38.73 2 0
ci-cd/internal/sshutil/sshutil.go:38.73,40.44 1 0
ci-cd/internal/sshutil/sshutil.go:40.44,42.4 1 0
ci-cd/internal/sshutil/sshutil.go:43.3,44.17 2 0
ci-cd/internal/sshutil/sshutil.go:44.17,46.4 1 0
ci-cd/internal/sshutil/sshutil.go:47.3,47.51 1 0
ci-cd/internal/sshutil/sshutil.go:47.51,50.52 2 0
ci-cd/internal/sshutil/sshutil.go:50.52,52.5 1 0
ci-cd/internal/sshutil/sshutil.go:54.4,54.105 1 0
ci-cd/internal/sshutil/sshutil.go:56.3,56.13 1 0
ci-cd/internal/sshutil/sshutil.go:61.70,66.16 5 0
ci-cd/internal/sshutil/sshutil.go:66.16,68.3 1 0
ci-cd/internal/sshutil/sshutil.go:69.2,70.49 2 0
ci-cd/internal/sshutil/sshutil.go:70.49,72.3 1 0
ci-cd/internal/sshutil/sshutil.go:73.2,73.12 1 0
ci-cd/internal/sshutil/sshutil.go:79.86,87.49 2 0
ci-cd/internal/sshutil/sshutil.go:87.49,89.17 2 0
ci-cd/internal/sshutil/sshutil.go:89.17,91.4 1 0
ci-cd/internal/sshutil/sshutil.go:92.3,93.17 2 0
ci-cd/internal/sshutil/sshutil.go:93.17,95.4 1 0
ci-cd/internal/sshutil/sshutil.go:96.3,97.18 2 0
ci-cd/internal/sshutil/sshutil.go:101.2,101.50 1 0
ci-cd/internal/sshutil/sshutil.go:101.50,103.17 2 0
ci-cd/internal/sshutil/sshutil.go:103.17,105.4 1 0
ci-cd/internal/sshutil/sshutil.go:106.3,107.17 2 0
ci-cd/internal/sshutil/sshutil.go:107.17,109.4 1 0
ci-cd/internal/sshutil/sshutil.go:110.3,110.51 1 0
ci-cd/internal/sshutil/sshutil.go:114.2,114.47 1 0
ci-cd/internal/sshutil/sshutil.go:114.47,117.3 2 0
ci-cd/internal/sshutil/sshutil.go:118.2,118.17 1 0
ci-cd/internal/sshutil/sshutil.go:122.36,124.77 1 0
ci-cd/internal/sshutil/sshutil.go:124.77,126.3 1 0
ci-cd/internal/sshutil/sshutil.go:128.2,128.52 1 0
ci-cd/internal/sshutil/sshutil.go:128.52,130.3 1 0
ci-cd/internal/sshutil/sshutil.go:131.2,131.47 1 0
ci-cd/internal/output/formatter.go:11.81,12.16 1 1
ci-cd/internal/output/formatter.go:12.16,15.3 2 1
ci-cd/internal/output/formatter.go:15.8,16.29 1 1
ci-cd/internal/output/formatter.go:16.29,18.26 2 1
ci-cd/internal/output/formatter.go:18.26,20.5 1 1
ci-cd/internal/output/formatter.go:21.4,22.30 2 1
ci-cd/internal/output/formatter.go:22.30,24.27 2 1
ci-cd/internal/output/formatter.go:24.27,26.6 1 1
ci-cd/internal/output/formatter.go:27.5,27.65 1 1
ci-cd/internal/output/formatter.go:30.4,30.23 1 1
ci-cd/internal/output/formatter.go:30.23,34.30 3 0
ci-cd/internal/output/formatter.go:34.30,36.6 1 0
ci-cd/internal/output/formatter.go:37.5,38.39 2 0
ci-cd/internal/output/formatter.go:38.39,40.6 1 0
ci-cd/internal/output/formatter.go:44.2,44.12 1 1
ci-cd/internal/serve/handler.go:30.41,34.2 3 0
ci-cd/internal/serve/handler.go:37.42,41.2 3 0
ci-cd/internal/serve/handler.go:44.57,46.16 2 0
ci-cd/internal/serve/handler.go:46.16,48.3 1 0
ci-cd/internal/serve/handler.go:49.2,50.15 2 0
ci-cd/internal/serve/handler.go:50.15,52.3 1 0
ci-cd/internal/serve/handler.go:53.2,54.18 2 0
ci-cd/internal/serve/handler.go:59.48,60.71 1 0
ci-cd/internal/serve/handler.go:60.71,63.87 1 0
ci-cd/internal/serve/handler.go:63.87,66.4 2 0
ci-cd/internal/serve/handler.go:68.3,69.18 2 0
ci-cd/internal/serve/handler.go:69.18,72.4 2 0
ci-cd/internal/serve/handler.go:74.3,77.31 2 0
ci-cd/internal/serve/handler.go:77.31,81.4 3 0
ci-cd/internal/serve/handler.go:83.3,83.23 1 0
ci-cd/internal/serve/handler.go:90.50,91.71 1 0
ci-cd/internal/serve/handler.go:91.71,92.64 1 0
ci-cd/internal/serve/handler.go:92.64,93.46 1 0
ci-cd/internal/serve/handler.go:93.46,96.5 2 0
ci-cd/internal/serve/handler.go:98.3,98.23 1 0
ci-cd/internal/serve/handler.go:102.44,104.43 1 0
ci-cd/internal/serve/handler.go:104.43,106.3 1 0
ci-cd/internal/serve/handler.go:109.2,163.36 41 0
ci-cd/internal/serve/handler.go:168.36,168.63 1 1
ci-cd/internal/serve/handler.go:170.25,172.16 2 0
ci-cd/internal/serve/handler.go:172.16,174.3 1 0
ci-cd/internal/serve/handler.go:175.2,177.97 2 0
ci-cd/internal/serve/handler.go:177.97,179.3 1 0
ci-cd/internal/serve/handler.go:180.2,181.103 2 0
ci-cd/internal/serve/handler.go:181.103,183.3 1 0
ci-cd/internal/serve/handler.go:184.2,184.11 1 0
ci-cd/internal/serve/handler.go:188.60,191.25 3 1
ci-cd/internal/serve/handler.go:191.25,193.38 2 1
ci-cd/internal/serve/handler.go:193.38,197.4 3 1
ci-cd/internal/serve/handler.go:197.9,199.4 1 1
ci-cd/internal/serve/handler.go:201.2,201.19 1 1
ci-cd/internal/serve/handler.go:204.35,207.2 2 1
ci-cd/internal/serve/handler.go:210.63,214.2 3 1
ci-cd/internal/serve/handler.go:217.66,219.2 1 1
ci-cd/internal/serve/handler.go:222.65,225.20 3 0
ci-cd/internal/serve/handler.go:225.20,227.3 1 0
ci-cd/internal/serve/handler.go:228.2,228.20 1 0
ci-cd/internal/serve/handler.go:228.20,231.3 2 0
ci-cd/internal/serve/handler.go:233.2,233.77 1 0
ci-cd/internal/serve/handler.go:233.77,236.3 2 0
ci-cd/internal/serve/handler.go:237.2,240.17 3 0
ci-cd/internal/serve/handler.go:240.17,243.3 2 0
ci-cd/internal/serve/handler.go:245.2,247.60 3 0
ci-cd/internal/serve/handler.go:247.60,250.3 2 0
ci-cd/internal/serve/handler.go:251.2,252.16 2 0
ci-cd/internal/serve/handler.go:252.16,255.3 2 0
ci-cd/internal/serve/handler.go:256.2,256.15 1 0
ci-cd/internal/serve/handler_api.go:17.49,18.54 1 0
ci-cd/internal/serve/handler_api.go:18.54,22.18 4 0
ci-cd/internal/serve/handler_api.go:22.18,25.4 2 0
ci-cd/internal/serve/handler_api.go:28.3,29.21 2 0
ci-cd/internal/serve/handler_api.go:29.21,32.4 2 0
ci-cd/internal/serve/handler_api.go:34.3,35.34 2 0
ci-cd/internal/serve/handler_api.go:35.34,36.29 1 0
ci-cd/internal/serve/handler_api.go:36.29,38.10 2 0
ci-cd/internal/serve/handler_api.go:41.3,41.18 1 0
ci-cd/internal/serve/handler_api.go:41.18,44.4 2 0
ci-cd/internal/serve/handler_api.go:45.3,49.26 3 0
ci-cd/internal/serve/handler_api.go:49.26,52.4 2 0
ci-cd/internal/serve/handler_api.go:54.3,57.17 3 0
ci-cd/internal/serve/handler_api.go:58.16,59.43 1 0
ci-cd/internal/serve/handler_api.go:60.16,61.43 1 0
ci-cd/internal/serve/handler_api.go:62.15,63.42 1 0
ci-cd/internal/serve/handler_api.go:64.17,71.5 2 0
ci-cd/internal/serve/handler_api.go:72.11,74.10 2 0
ci-cd/internal/serve/handler_api.go:77.3,84.20 5 0
ci-cd/internal/serve/handler_api.go:84.20,90.4 3 0
ci-cd/internal/serve/handler_api.go:92.3,92.54 1 0
ci-cd/internal/serve/handler_api.go:92.54,94.4 1 0
ci-cd/internal/serve/handler_api.go:99.98,103.16 3 0
ci-cd/internal/serve/handler_api.go:103.16,106.3 2 0
ci-cd/internal/serve/handler_api.go:107.2,107.36 1 0
ci-cd/internal/serve/handler_api.go:107.36,109.3 1 0
ci-cd/internal/serve/handler_api.go:111.2,123.16 7 0
ci-cd/internal/serve/handler_api.go:123.16,126.28 3 0
ci-cd/internal/serve/handler_api.go:126.28,128.4 1 0
ci-cd/internal/serve/handler_api.go:129.8,131.3 1 0
ci-cd/internal/serve/handler_api.go:133.2,134.53 2 0
ci-cd/internal/serve/handler_api.go:134.53,136.3 1 0
ci-cd/internal/serve/handler_auth.go:21.42,27.9 5 0
ci-cd/internal/serve/handler_auth.go:27.9,30.3 2 0
ci-cd/internal/serve/handler_auth.go:31.2,32.29 2 0
ci-cd/internal/serve/handler_auth.go:32.29,33.31 1 0
ci-cd/internal/serve/handler_auth.go:33.31,35.4 1 0
ci-cd/internal/serve/handler_auth.go:37.2,37.36 1 0
ci-cd/internal/serve/handler_auth.go:37.36,40.3 2 0
ci-cd/internal/serve/handler_auth.go:41.2,43.13 3 0
ci-cd/internal/serve/handler_auth.go:47.64,50.17 3 0
ci-cd/internal/serve/handler_auth.go:50.17,53.3 2 0
ci-cd/internal/serve/handler_auth.go:54.2,58.4 2 0
ci-cd/internal/serve/handler_auth.go:62.68,64.24 2 0
ci-cd/internal/serve/handler_auth.go:64.24,67.3 2 0
ci-cd/internal/serve/handler_auth.go:70.2,71.30 2 0
ci-cd/internal/serve/handler_auth.go:71.30,75.3 3 0
ci-cd/internal/serve/handler_auth.go:77.2,78.17 2 0
ci-cd/internal/serve/handler_auth.go:78.17,81.3 2 0
ci-cd/internal/serve/handler_auth.go:83.2,87.62 2 0
ci-cd/internal/serve/handler_auth.go:87.62,90.3 2 0
ci-cd/internal/serve/handler_auth.go:92.2,92.54 1 0
ci-cd/internal/serve/handler_auth.go:92.54,95.3 2 0
ci-cd/internal/serve/handler_auth.go:97.2,97.31 1 0
ci-cd/internal/serve/handler_auth.go:97.31,100.3 2 0
ci-cd/internal/serve/handler_auth.go:102.2,103.17 2 0
ci-cd/internal/serve/handler_auth.go:103.17,106.3 2 0
ci-cd/internal/serve/handler_auth.go:109.2,109.44 1 0
ci-cd/internal/serve/handler_auth.go:109.44,112.3 2 0
ci-cd/internal/serve/handler_auth.go:115.2,116.56 2 0
ci-cd/internal/serve/handler_auth.go:116.56,119.3 2 0
ci-cd/internal/serve/handler_auth.go:122.2,125.88 3 0
ci-cd/internal/serve/handler_deploy.go:16.58,20.17 4 0
ci-cd/internal/serve/handler_deploy.go:20.17,23.3 2 0
ci-cd/internal/serve/handler_deploy.go:25.2,26.17 2 0
ci-cd/internal/serve/handler_deploy.go:26.17,29.3 2 0
ci-cd/internal/serve/handler_deploy.go:30.2,33.16 3 0
ci-cd/internal/serve/handler_deploy.go:33.16,35.3 1 0
ci-cd/internal/serve/handler_deploy.go:35.8,37.3 1 0
ci-cd/internal/serve/handler_deploy.go:40.64,48.30 7 0
ci-cd/internal/serve/handler_deploy.go:48.30,51.3 2 0
ci-cd/internal/serve/handler_deploy.go:52.2,53.19 2 0
ci-cd/internal/serve/handler_deploy.go:53.19,54.72 1 0
ci-cd/internal/serve/handler_deploy.go:54.72,56.4 1 0
ci-cd/internal/serve/handler_deploy.go:59.2,60.17 2 0
ci-cd/internal/serve/handler_deploy.go:60.17,63.3 2 0
ci-cd/internal/serve/handler_deploy.go:65.2,70.16 3 0
ci-cd/internal/serve/handler_deploy.go:70.16,73.3 2 0
ci-cd/internal/serve/handler_deploy.go:75.2,78.16 3 0
ci-cd/internal/serve/handler_deploy.go:78.16,81.3 2 0
ci-cd/internal/serve/handler_deploy.go:82.2,83.83 2 0
ci-cd/internal/serve/handler_deploy.go:86.60,90.18 4 0
ci-cd/internal/serve/handler_deploy.go:90.18,92.3 1 0
ci-cd/internal/serve/handler_deploy.go:93.2,94.17 2 0
ci-cd/internal/serve/handler_deploy.go:94.17,97.3 2 0
ci-cd/internal/serve/handler_deploy.go:99.2,100.17 2 0
ci-cd/internal/serve/handler_deploy.go:100.17,103.3 2 0
ci-cd/internal/serve/handler_deploy.go:104.2,109.16 4 0
ci-cd/internal/serve/handler_deploy.go:110.16,111.55 1 0
ci-cd/internal/serve/handler_deploy.go:112.41,113.61 1 0
ci-cd/internal/serve/handler_deploy.go:114.10,116.9 2 0
ci-cd/internal/serve/handler_deploy.go:119.2,120.16 2 0
ci-cd/internal/serve/handler_deploy.go:120.16,122.3 1 0
ci-cd/internal/serve/handler_deploy.go:122.8,124.3 1 0
ci-cd/internal/serve/handler_deploy.go:126.2,126.43 1 0
ci-cd/internal/serve/handler_deploy.go:126.43,134.3 2 0
ci-cd/internal/serve/handler_deploy.go:134.8,136.19 2 0
ci-cd/internal/serve/handler_deploy.go:136.19,138.4 1 0
ci-cd/internal/serve/handler_deploy.go:139.3,145.104 2 0
ci-cd/internal/serve/handler_project.go:17.56,19.16 2 0
ci-cd/internal/serve/handler_project.go:19.16,21.3 1 0
ci-cd/internal/serve/handler_project.go:22.2,28.51 2 0
ci-cd/internal/serve/handler_project.go:28.51,30.3 1 0
ci-cd/internal/serve/handler_project.go:31.2,31.33 1 0
ci-cd/internal/serve/handler_project.go:31.33,32.28 1 0
ci-cd/internal/serve/handler_project.go:32.28,34.4 1 0
ci-cd/internal/serve/handler_project.go:36.2,36.11 1 0
ci-cd/internal/serve/handler_project.go:39.88,41.16 2 0
ci-cd/internal/serve/handler_project.go:41.16,43.3 1 0
ci-cd/internal/serve/handler_project.go:44.2,57.51 2 0
ci-cd/internal/serve/handler_project.go:57.51,59.3 1 0
ci-cd/internal/serve/handler_project.go:60.2,60.33 1 0
ci-cd/internal/serve/handler_project.go:60.33,61.28 1 0
ci-cd/internal/serve/handler_project.go:61.28,62.12 1 0
ci-cd/internal/serve/handler_project.go:64.3,64.24 1 0
ci-cd/internal/serve/handler_project.go:64.24,66.4 1 0
ci-cd/internal/serve/handler_project.go:67.3,67.38 1 0
ci-cd/internal/serve/handler_project.go:67.38,68.22 1 0
ci-cd/internal/serve/handler_project.go:68.22,70.5 1 0
ci-cd/internal/serve/handler_project.go:73.2,73.15 1 0
ci-cd/internal/serve/handler_project.go:76.65,79.17 3 0
ci-cd/internal/serve/handler_project.go:79.17,82.3 2 0
ci-cd/internal/serve/handler_project.go:83.2,84.16 2 0
ci-cd/internal/serve/handler_project.go:84.16,87.3 2 0
ci-cd/internal/serve/handler_project.go:90.2,93.51 2 0
ci-cd/internal/serve/handler_project.go:93.51,96.3 2 0
ci-cd/internal/serve/handler_project.go:97.2,97.33 1 0
ci-cd/internal/serve/handler_project.go:97.33,99.17 2 0
ci-cd/internal/serve/handler_project.go:99.17,100.12 1 0
ci-cd/internal/serve/handler_project.go:103.3,107.41 4 0
ci-cd/internal/serve/handler_project.go:109.2,110.17 2 0
ci-cd/internal/serve/handler_project.go:113.65,115.24 2 0
ci-cd/internal/serve/handler_project.go:115.24,118.3 2 0
ci-cd/internal/serve/handler_project.go:119.2,120.17 2 0
ci-cd/internal/serve/handler_project.go:120.17,123.3 2 0
ci-cd/internal/serve/handler_project.go:126.2,127.61 2 0
ci-cd/internal/serve/handler_project.go:127.61,130.3 2 0
ci-cd/internal/serve/handler_project.go:131.2,131.30 1 0
ci-cd/internal/serve/handler_project.go:131.30,133.19 2 0
ci-cd/internal/serve/handler_project.go:133.19,136.4 2 0
ci-cd/internal/serve/handler_project.go:138.3,138.19 1 0
ci-cd/internal/serve/handler_project.go:138.19,141.4 2 0
ci-cd/internal/serve/handler_project.go:142.3,142.60 1 0
ci-cd/internal/serve/handler_project.go:142.60,145.4 2 0
ci-cd/internal/serve/handler_project.go:147.3,147.22 1 0
ci-cd/internal/serve/handler_project.go:147.22,148.68 1 0
ci-cd/internal/serve/handler_project.go:148.68,151.5 2 0
ci-cd/internal/serve/handler_project.go:154.3,154.24 1 0
ci-cd/internal/serve/handler_project.go:154.24,155.39 1 0
ci-cd/internal/serve/handler_project.go:155.39,156.29 1 0
ci-cd/internal/serve/handler_project.go:156.29,159.6 2 0
ci-cd/internal/serve/handler_project.go:164.2,166.83 3 0
ci-cd/internal/serve/handler_project.go:166.83,169.3 2 0
ci-cd/internal/serve/handler_project.go:170.2,170.62 1 0
ci-cd/internal/serve/handler_project.go:174.75,175.18 1 1
ci-cd/internal/serve/handler_project.go:175.18,177.3 1 1
ci-cd/internal/serve/handler_project.go:179.2,179.20 1 1
ci-cd/internal/serve/handler_project.go:180.34,180.34 0 1
ci-cd/internal/serve/handler_project.go:181.10,182.58 1 1
ci-cd/internal/serve/handler_project.go:185.2,185.34 1 1
ci-cd/internal/serve/handler_project.go:185.34,187.3 1 1
ci-cd/internal/serve/handler_project.go:189.2,189.87 1 1
ci-cd/internal/serve/handler_project.go:189.87,191.17 2 1
ci-cd/internal/serve/handler_project.go:191.17,193.4 1 0
ci-cd/internal/serve/handler_project.go:194.3,195.17 2 1
ci-cd/internal/serve/handler_project.go:195.17,197.4 1 0
ci-cd/internal/serve/handler_project.go:198.3,198.19 1 1
ci-cd/internal/serve/handler_project.go:200.2,200.12 1 1
ci-cd/internal/serve/handler_project.go:205.50,207.16 2 0
ci-cd/internal/serve/handler_project.go:207.16,209.3 1 0
ci-cd/internal/serve/handler_project.go:210.2,211.51 2 0
ci-cd/internal/serve/handler_project.go:211.51,213.3 1 0
ci-cd/internal/serve/handler_project.go:214.2,215.19 2 0
ci-cd/internal/serve/handler_project.go:215.19,217.3 1 0
ci-cd/internal/serve/handler_project.go:218.2,219.30 2 0
ci-cd/internal/serve/handler_project.go:219.30,221.15 2 0
ci-cd/internal/serve/handler_project.go:221.15,222.12 1 0
ci-cd/internal/serve/handler_project.go:224.3,224.88 1 0
ci-cd/internal/serve/handler_project.go:224.88,226.18 2 0
ci-cd/internal/serve/handler_project.go:226.18,229.5 2 0
ci-cd/internal/serve/handler_project.go:232.2,232.13 1 0
ci-cd/internal/serve/handler_project.go:232.13,236.3 3 0
ci-cd/internal/serve/handler_report.go:18.63,32.40 10 0
ci-cd/internal/serve/handler_report.go:32.40,33.57 1 0
ci-cd/internal/serve/handler_report.go:33.57,35.4 1 0
ci-cd/internal/serve/handler_report.go:41.66,44.19 3 0
ci-cd/internal/serve/handler_report.go:44.19,47.3 2 0
ci-cd/internal/serve/handler_report.go:48.2,49.17 2 0
ci-cd/internal/serve/handler_report.go:49.17,52.3 2 0
ci-cd/internal/serve/handler_report.go:54.2,57.45 2 0
ci-cd/internal/serve/handler_report.go:57.45,60.17 3 0
ci-cd/internal/serve/handler_report.go:60.17,63.4 2 0
ci-cd/internal/serve/handler_report.go:64.3,65.55 2 0
ci-cd/internal/serve/handler_report.go:65.55,68.4 2 0
ci-cd/internal/serve/handler_report.go:69.3,70.9 2 0
ci-cd/internal/serve/handler_report.go:74.2,76.35 3 0
ci-cd/internal/serve/handler_report.go:76.35,79.3 2 0
ci-cd/internal/serve/handler_report.go:81.2,83.16 3 0
ci-cd/internal/serve/handler_report.go:83.16,86.3 2 0
ci-cd/internal/serve/handler_report.go:88.2,89.54 2 0
ci-cd/internal/serve/handler_report.go:89.54,92.3 2 0
ci-cd/internal/serve/handler_report.go:93.2,93.55 1 0
ci-cd/internal/serve/handler_report.go:97.64,100.19 3 0
ci-cd/internal/serve/handler_report.go:100.19,103.3 2 0
ci-cd/internal/serve/handler_report.go:104.2,105.17 2 0
ci-cd/internal/serve/handler_report.go:105.17,108.3 2 0
ci-cd/internal/serve/handler_report.go:110.2,113.16 4 0
ci-cd/internal/serve/handler_report.go:113.16,116.3 2 0
ci-cd/internal/serve/handler_report.go:118.2,127.26 3 0
ci-cd/internal/serve/handler_report.go:127.26,131.18 4 0
ci-cd/internal/serve/handler_report.go:131.18,133.4 1 0
ci-cd/internal/serve/handler_report.go:134.3,135.46 2 0
ci-cd/internal/serve/handler_report.go:135.46,137.4 1 0
ci-cd/internal/serve/handler_report.go:138.3,143.24 2 0
ci-cd/internal/serve/handler_report.go:143.24,147.4 3 0
ci-cd/internal/serve/handler_report.go:148.3,148.30 1 0
ci-cd/internal/serve/handler_report.go:151.2,151.54 1 0
ci-cd/internal/serve/handler_report.go:151.54,153.3 1 0
ci-cd/internal/serve/handler_report.go:154.2,154.54 1 0
ci-cd/internal/serve/handler_report.go:158.66,160.24 2 0
ci-cd/internal/serve/handler_report.go:160.24,163.3 2 0
ci-cd/internal/serve/handler_report.go:164.2,165.17 2 0
ci-cd/internal/serve/handler_report.go:165.17,168.3 2 0
ci-cd/internal/serve/handler_report.go:169.2,173.101 2 0
ci-cd/internal/serve/handler_report.go:173.101,176.3 2 0
ci-cd/internal/serve/handler_report.go:177.2,178.46 2 0
ci-cd/internal/serve/handler_report.go:178.46,181.3 2 0
ci-cd/internal/serve/handler_report.go:182.2,182.85 1 0
ci-cd/internal/serve/handler_report.go:186.63,189.17 3 0
ci-cd/internal/serve/handler_report.go:189.17,192.3 2 0
ci-cd/internal/serve/handler_report.go:194.2,196.16 3 0
ci-cd/internal/serve/handler_report.go:196.16,199.3 2 0
ci-cd/internal/serve/handler_report.go:201.2,213.35 3 0
ci-cd/internal/serve/handler_report.go:213.35,214.20 1 0
ci-cd/internal/serve/handler_report.go:214.20,215.12 1 0
ci-cd/internal/serve/handler_report.go:217.3,219.17 3 0
ci-cd/internal/serve/handler_report.go:219.17,220.12 1 0
ci-cd/internal/serve/handler_report.go:222.3,222.27 1 0
ci-cd/internal/serve/handler_report.go:222.27,226.19 4 0
ci-cd/internal/serve/handler_report.go:226.19,228.5 1 0
ci-cd/internal/serve/handler_report.go:230.4,231.18 2 0
ci-cd/internal/serve/handler_report.go:231.18,232.13 1 0
ci-cd/internal/serve/handler_report.go:234.4,243.53 2 0
ci-cd/internal/serve/handler_report.go:243.53,244.13 1 0
ci-cd/internal/serve/handler_report.go:247.4,253.25 2 0
ci-cd/internal/serve/handler_report.go:253.25,258.5 4 0
ci-cd/internal/serve/handler_report.go:259.4,259.41 1 0
ci-cd/internal/serve/handler_report.go:263.2,263.45 1 0
ci-cd/internal/serve/handler_report.go:263.45,265.3 1 0
ci-cd/internal/serve/handler_report.go:267.2,267.23 1 0
ci-cd/internal/serve/handler_report.go:267.23,269.3 1 0
ci-cd/internal/serve/handler_report.go:270.2,270.59 1 0
ci-cd/internal/serve/handler_status.go:14.41,16.2 1 1
ci-cd/internal/serve/handler_status.go:18.57,19.49 1 1
ci-cd/internal/serve/handler_status.go:19.49,21.3 1 1
ci-cd/internal/serve/handler_status.go:22.2,26.50 5 1
ci-cd/internal/serve/handler_status.go:34.74,38.16 4 1
ci-cd/internal/serve/handler_status.go:38.16,40.3 1 1
ci-cd/internal/serve/handler_status.go:41.2,41.32 1 1
ci-cd/internal/serve/handler_status.go:41.32,42.21 1 1
ci-cd/internal/serve/handler_status.go:42.21,43.12 1 0
ci-cd/internal/serve/handler_status.go:45.3,49.32 5 1
ci-cd/internal/serve/handler_status.go:49.32,50.56 1 1
ci-cd/internal/serve/handler_status.go:50.56,51.13 1 1
ci-cd/internal/serve/handler_status.go:53.4,55.18 3 1
ci-cd/internal/serve/handler_status.go:55.18,56.13 1 0
ci-cd/internal/serve/handler_status.go:58.4,59.39 2 1
ci-cd/internal/serve/handler_status.go:59.39,61.5 1 1
ci-cd/internal/serve/handler_status.go:63.3,63.21 1 1
ci-cd/internal/serve/handler_status.go:63.21,65.4 1 1
ci-cd/internal/serve/handler_status.go:67.2,67.15 1 1
ci-cd/internal/serve/handler_status.go:70.64,73.17 3 0
ci-cd/internal/serve/handler_status.go:73.17,76.3 2 0
ci-cd/internal/serve/handler_status.go:77.2,78.65 2 0
ci-cd/internal/serve/handler_status.go:81.69,85.17 4 0
ci-cd/internal/serve/handler_status.go:85.17,88.3 2 0
ci-cd/internal/serve/handler_status.go:89.2,89.19 1 0
ci-cd/internal/serve/handler_status.go:89.19,92.3 2 0
ci-cd/internal/serve/handler_status.go:92.8,95.3 2 0
ci-cd/internal/serve/handler_status.go:96.2,96.59 1 0
ci-cd/internal/serve/local.go:28.60,33.19 3 0
ci-cd/internal/serve/local.go:33.19,34.32 1 0
ci-cd/internal/serve/local.go:34.32,42.4 3 0
ci-cd/internal/serve/local.go:43.3,43.16 1 0
ci-cd/internal/serve/local.go:47.2,48.77 2 0
ci-cd/internal/serve/local.go:48.77,50.3 1 0
ci-cd/internal/serve/local.go:52.2,53.16 2 0
ci-cd/internal/serve/local.go:53.16,56.3 2 0
ci-cd/internal/serve/local.go:57.2,57.19 1 0
ci-cd/internal/serve/local.go:57.19,60.3 2 0
ci-cd/internal/serve/local.go:62.2,63.16 2 0
ci-cd/internal/serve/local.go:63.16,71.3 2 0
ci-cd/internal/serve/local.go:73.2,74.32 2 0
ci-cd/internal/serve/local.go:74.32,76.43 1 0
ci-cd/internal/serve/local.go:76.43,77.12 1 0
ci-cd/internal/serve/local.go:79.3,82.17 4 0
ci-cd/internal/serve/local.go:82.17,85.4 2 0
ci-cd/internal/serve/local.go:86.3,92.20 2 0
ci-cd/internal/serve/local.go:92.20,94.4 1 0
ci-cd/internal/serve/local.go:94.9,96.4 1 0
ci-cd/internal/serve/local.go:99.2,99.39 1 0
ci-cd/internal/serve/local.go:99.39,99.111 1 0
ci-cd/internal/serve/local.go:100.2,100.40 1 0
ci-cd/internal/serve/local.go:100.40,100.114 1 0
ci-cd/internal/serve/local.go:102.2,108.4 2 0
ci-cd/internal/serve/local.go:116.66,119.16 3 0
ci-cd/internal/serve/local.go:119.16,122.3 2 0
ci-cd/internal/serve/local.go:123.2,124.31 2 0
ci-cd/internal/serve/local.go:124.31,127.3 2 0
ci-cd/internal/serve/local.go:128.2,136.4 3 0
ci-cd/internal/serve/local.go:140.44,143.51 2 0
ci-cd/internal/serve/local.go:143.51,149.36 3 0
ci-cd/internal/serve/local.go:149.36,153.4 3 0
ci-cd/internal/serve/local.go:154.3,154.22 1 0
ci-cd/internal/serve/local.go:154.22,156.4 1 0
ci-cd/internal/serve/local.go:157.3,157.44 1 0
ci-cd/internal/serve/local.go:157.44,159.4 1 0
ci-cd/internal/serve/local.go:160.3,160.30 1 0
ci-cd/internal/serve/local.go:160.30,162.4 1 0
ci-cd/internal/serve/local.go:163.3,163.21 1 0
ci-cd/internal/serve/local.go:163.21,165.4 1 0
ci-cd/internal/serve/local.go:166.3,166.16 1 0
ci-cd/internal/serve/local.go:169.2,170.51 2 0
ci-cd/internal/serve/local.go:170.51,172.104 2 0
ci-cd/internal/serve/local.go:172.104,174.4 1 0
ci-cd/internal/serve/local.go:175.3,175.17 1 0
ci-cd/internal/serve/local.go:177.2,177.53 1 0
ci-cd/internal/serve/local.go:177.53,179.3 1 0
ci-cd/internal/serve/local.go:180.2,180.51 1 0
ci-cd/internal/serve/local.go:180.51,182.3 1 0
ci-cd/internal/serve/local.go:183.2,183.47 1 0
ci-cd/internal/serve/local.go:183.47,185.3 1 0
ci-cd/internal/serve/local.go:186.2,186.18 1 0
ci-cd/internal/serve/local.go:191.64,194.16 3 0
ci-cd/internal/serve/local.go:194.16,196.3 1 0
ci-cd/internal/serve/local.go:197.2,200.29 4 0
ci-cd/internal/serve/local.go:200.29,202.17 2 0
ci-cd/internal/serve/local.go:202.17,203.12 1 0
ci-cd/internal/serve/local.go:205.3,206.22 2 0
ci-cd/internal/serve/local.go:206.22,207.12 1 0
ci-cd/internal/serve/local.go:209.3,212.49 3 0
ci-cd/internal/serve/local.go:212.49,213.18 1 0
ci-cd/internal/serve/local.go:213.18,214.13 1 0
ci-cd/internal/serve/local.go:216.4,217.74 2 0
ci-cd/internal/serve/local.go:220.2,220.22 1 0
ci-cd/internal/serve/local.go:224.56,227.16 3 0
ci-cd/internal/serve/local.go:227.16,229.3 1 0
ci-cd/internal/serve/local.go:230.2,232.59 3 0
ci-cd/internal/serve/local.go:232.59,234.17 2 0
ci-cd/internal/serve/local.go:234.17,235.12 1 0
ci-cd/internal/serve/local.go:238.3,238.36 1 0
ci-cd/internal/serve/local.go:238.36,241.4 2 0
ci-cd/internal/serve/local.go:241.9,243.4 1 0
ci-cd/internal/serve/local.go:245.2,245.32 1 0
ci-cd/internal/serve/log.go:29.39,31.2 1 1
ci-cd/internal/serve/log.go:33.54,39.16 5 0
ci-cd/internal/serve/log.go:39.16,41.3 1 0
ci-cd/internal/serve/log.go:42.2,55.47 6 0
ci-cd/internal/serve/log.go:55.47,57.3 1 0
ci-cd/internal/serve/log.go:61.36,63.16 2 0
ci-cd/internal/serve/log.go:63.16,65.3 1 0
ci-cd/internal/serve/log.go:66.2,67.28 2 0
ci-cd/internal/serve/log.go:67.28,68.56 1 0
ci-cd/internal/serve/log.go:68.56,69.12 1 0
ci-cd/internal/serve/log.go:71.3,72.17 2 0
ci-cd/internal/serve/log.go:72.17,73.12 1 0
ci-cd/internal/serve/log.go:75.3,75.42 1 0
ci-cd/internal/serve/log.go:75.42,77.4 1 0
ci-cd/internal/serve/log.go:81.62,83.24 2 0
ci-cd/internal/serve/log.go:83.24,86.3 2 0
ci-cd/internal/serve/log.go:87.2,88.17 2 0
ci-cd/internal/serve/log.go:88.17,91.3 2 0
ci-cd/internal/serve/log.go:92.2,93.63 2 0
ci-cd/internal/serve/log.go:93.63,96.3 2 0
ci-cd/internal/serve/log.go:97.2,99.62 3 0
ci-cd/internal/serve/log.go:102.61,105.17 3 0
ci-cd/internal/serve/log.go:105.17,108.3 2 0
ci-cd/internal/serve/log.go:109.2,115.20 6 0
ci-cd/internal/serve/log.go:115.20,116.73 1 0
ci-cd/internal/serve/log.go:116.73,118.4 1 0
ci-cd/internal/serve/log.go:121.2,123.16 3 0
ci-cd/internal/serve/log.go:123.16,125.3 1 0
ci-cd/internal/serve/log.go:127.2,128.16 2 0
ci-cd/internal/serve/log.go:128.16,131.3 2 0
ci-cd/internal/serve/log.go:133.2,135.39 3 0
ci-cd/internal/serve/log.go:135.39,136.28 1 0
ci-cd/internal/serve/log.go:136.28,137.9 1 0
ci-cd/internal/serve/log.go:139.3,140.17 2 0
ci-cd/internal/serve/log.go:140.17,141.12 1 0
ci-cd/internal/serve/log.go:143.3,144.50 2 0
ci-cd/internal/serve/log.go:144.50,145.12 1 0
ci-cd/internal/serve/log.go:147.3,147.42 1 0
ci-cd/internal/serve/log.go:147.42,148.12 1 0
ci-cd/internal/serve/log.go:150.3,150.65 1 0
ci-cd/internal/serve/log.go:150.65,151.12 1 0
ci-cd/internal/serve/log.go:153.3,153.35 1 0
ci-cd/internal/serve/log.go:155.2,155.20 1 0
ci-cd/internal/serve/log.go:155.20,157.3 1 0
ci-cd/internal/serve/log.go:158.2,158.60 1 0
ci-cd/internal/serve/log.go:161.61,164.17 3 0
ci-cd/internal/serve/log.go:164.17,167.3 2 0
ci-cd/internal/serve/log.go:168.2,170.16 3 0
ci-cd/internal/serve/log.go:170.16,173.3 2 0
ci-cd/internal/serve/log.go:174.2,175.28 2 0
ci-cd/internal/serve/log.go:175.28,176.17 1 0
ci-cd/internal/serve/log.go:176.17,179.4 2 0
ci-cd/internal/serve/log.go:181.2,182.18 2 0
ci-cd/internal/serve/log.go:182.18,184.3 1 0
ci-cd/internal/serve/log.go:185.2,185.59 1 0
ci-cd/internal/serve/log.go:188.62,190.24 2 0
ci-cd/internal/serve/log.go:190.24,193.3 2 0
ci-cd/internal/serve/log.go:194.2,195.17 2 0
ci-cd/internal/serve/log.go:195.17,198.3 2 0
ci-cd/internal/serve/log.go:199.2,202.81 2 0
ci-cd/internal/serve/log.go:202.81,205.3 2 0
ci-cd/internal/serve/log.go:206.2,207.44 2 0
ci-cd/internal/serve/log.go:207.44,210.3 2 0
ci-cd/internal/serve/log.go:211.2,211.92 1 0
ci-cd/internal/serve/remote.go:27.37,33.37 6 0
ci-cd/internal/serve/remote.go:33.37,34.21 1 0
ci-cd/internal/serve/remote.go:34.21,36.4 1 0
ci-cd/internal/serve/remote.go:38.2,40.14 3 0
ci-cd/internal/serve/remote.go:43.47,44.17 1 0
ci-cd/internal/serve/remote.go:44.17,46.3 1 0
ci-cd/internal/serve/remote.go:47.2,50.34 4 0
ci-cd/internal/serve/remote.go:50.34,53.3 2 0
ci-cd/internal/serve/remote.go:54.2,55.13 2 0
ci-cd/internal/serve/remote.go:72.42,72.57 1 0
ci-cd/internal/serve/remote.go:75.23,76.12 1 0
ci-cd/internal/serve/remote.go:76.12,79.22 3 0
ci-cd/internal/serve/remote.go:79.22,81.4 1 0
ci-cd/internal/serve/remote.go:85.27,89.33 4 0
ci-cd/internal/serve/remote.go:89.33,90.43 1 0
ci-cd/internal/serve/remote.go:90.43,91.88 1 0
ci-cd/internal/serve/remote.go:91.88,95.5 3 0
ci-cd/internal/serve/remote.go:95.10,97.5 1 0
ci-cd/internal/serve/remote.go:102.27,105.33 3 0
ci-cd/internal/serve/remote.go:105.33,108.3 2 0
ci-cd/internal/serve/remote.go:109.2,109.49 1 0
ci-cd/internal/serve/remote.go:112.89,113.40 1 0
ci-cd/internal/serve/remote.go:113.40,115.3 1 0
ci-cd/internal/serve/remote.go:116.2,119.42 3 0
ci-cd/internal/serve/remote.go:119.42,120.87 1 0
ci-cd/internal/serve/remote.go:120.87,124.4 3 0
ci-cd/internal/serve/remote.go:125.3,126.34 2 0
ci-cd/internal/serve/remote.go:128.2,131.16 3 0
ci-cd/internal/serve/remote.go:131.16,133.3 1 0
ci-cd/internal/serve/remote.go:134.2,136.16 3 0
ci-cd/internal/serve/remote.go:136.16,138.3 1 0
ci-cd/internal/serve/remote.go:140.2,142.42 3 0
ci-cd/internal/serve/remote.go:142.42,146.3 3 0
ci-cd/internal/serve/remote.go:147.2,148.20 2 0
ci-cd/internal/serve/remote_handlers.go:24.67,27.17 3 0
ci-cd/internal/serve/remote_handlers.go:27.17,30.3 2 0
ci-cd/internal/serve/remote_handlers.go:31.2,32.16 2 0
ci-cd/internal/serve/remote_handlers.go:32.16,35.3 2 0
ci-cd/internal/serve/remote_handlers.go:36.2,39.51 2 0
ci-cd/internal/serve/remote_handlers.go:39.51,42.3 2 0
ci-cd/internal/serve/remote_handlers.go:43.2,44.33 2 0
ci-cd/internal/serve/remote_handlers.go:44.33,45.53 1 0
ci-cd/internal/serve/remote_handlers.go:45.53,46.54 1 0
ci-cd/internal/serve/remote_handlers.go:46.54,54.5 3 0
ci-cd/internal/serve/remote_handlers.go:57.2,57.21 1 0
ci-cd/internal/serve/remote_handlers.go:57.21,59.3 1 0
ci-cd/internal/serve/remote_handlers.go:60.2,60.65 1 0
ci-cd/internal/serve/remote_handlers.go:65.63,68.23 3 0
ci-cd/internal/serve/remote_handlers.go:68.23,71.3 2 0
ci-cd/internal/serve/remote_handlers.go:73.2,74.40 2 0
ci-cd/internal/serve/remote_handlers.go:74.40,77.3 2 0
ci-cd/internal/serve/remote_handlers.go:79.2,80.16 2 0
ci-cd/internal/serve/remote_handlers.go:80.16,83.3 2 0
ci-cd/internal/serve/remote_handlers.go:84.2,87.16 3 0
ci-cd/internal/serve/remote_handlers.go:87.16,91.3 3 0
ci-cd/internal/serve/remote_handlers.go:92.2,95.16 3 0
ci-cd/internal/serve/remote_handlers.go:95.16,98.3 2 0
ci-cd/internal/serve/remote_handlers.go:99.2,114.77 3 0
ci-cd/internal/serve/remote_handlers.go:114.77,117.3 2 0
ci-cd/internal/serve/remote_handlers.go:119.2,120.16 2 0
ci-cd/internal/serve/remote_handlers.go:120.16,123.3 2 0
ci-cd/internal/serve/remote_handlers.go:124.2,125.16 2 0
ci-cd/internal/serve/remote_handlers.go:125.16,128.3 2 0
ci-cd/internal/serve/remote_handlers.go:129.2,130.16 2 0
ci-cd/internal/serve/remote_handlers.go:130.16,133.3 2 0
ci-cd/internal/serve/remote_handlers.go:135.2,140.12 4 0
ci-cd/internal/serve/remote_handlers.go:140.12,143.7 3 0
ci-cd/internal/serve/remote_handlers.go:143.7,145.13 2 0
ci-cd/internal/serve/remote_handlers.go:145.13,147.5 1 0
ci-cd/internal/serve/remote_handlers.go:148.4,148.18 1 0
ci-cd/internal/serve/remote_handlers.go:148.18,150.5 1 0
ci-cd/internal/serve/remote_handlers.go:154.2,154.12 1 0
ci-cd/internal/serve/remote_handlers.go:154.12,157.7 3 0
ci-cd/internal/serve/remote_handlers.go:157.7,159.13 2 0
ci-cd/internal/serve/remote_handlers.go:159.13,161.5 1 0
ci-cd/internal/serve/remote_handlers.go:162.4,162.18 1 0
ci-cd/internal/serve/remote_handlers.go:162.18,164.5 1 0
ci-cd/internal/serve/remote_handlers.go:168.2,169.12 2 0
ci-cd/internal/serve/remote_handlers.go:169.12,171.7 2 0
ci-cd/internal/serve/remote_handlers.go:171.7,173.18 2 0
ci-cd/internal/serve/remote_handlers.go:173.18,176.5 2 0
ci-cd/internal/serve/remote_handlers.go:177.4,177.51 1 0
ci-cd/internal/serve/remote_handlers.go:177.51,179.24 2 0
ci-cd/internal/serve/remote_handlers.go:179.24,182.24 3 0
ci-cd/internal/serve/remote_handlers.go:182.24,184.7 1 0
ci-cd/internal/serve/remote_handlers.go:186.5,186.13 1 0
ci-cd/internal/serve/remote_handlers.go:188.4,188.20 1 0
ci-cd/internal/serve/remote_handlers.go:192.2,192.40 1 0
ci-cd/internal/serve/remote_handlers.go:192.40,195.3 2 0
ci-cd/internal/serve/remote_handlers.go:197.2,200.11 3 0
ci-cd/internal/serve/remote_handlers.go:213.61,218.22 5 0
ci-cd/internal/serve/remote_handlers.go:218.22,220.3 1 0
ci-cd/internal/serve/remote_handlers.go:222.2,223.40 2 0
ci-cd/internal/serve/remote_handlers.go:223.40,226.3 2 0
ci-cd/internal/serve/remote_handlers.go:228.2,229.16 2 0
ci-cd/internal/serve/remote_handlers.go:229.16,232.3 2 0
ci-cd/internal/serve/remote_handlers.go:234.2,235.16 2 0
ci-cd/internal/serve/remote_handlers.go:235.16,238.3 2 0
ci-cd/internal/serve/remote_handlers.go:239.2,242.16 3 0
ci-cd/internal/serve/remote_handlers.go:242.16,245.3 2 0
ci-cd/internal/serve/remote_handlers.go:247.2,248.32 2 0
ci-cd/internal/serve/remote_handlers.go:248.32,256.3 1 0
ci-cd/internal/serve/remote_handlers.go:258.2,261.4 1 0
ci-cd/internal/serve/remote_handlers.go:264.66,268.2 3 0
ci-cd/internal/serve/remote_handlers.go:270.67,275.43 4 0
ci-cd/internal/serve/remote_handlers.go:275.43,278.3 2 0
ci-cd/internal/serve/remote_handlers.go:280.2,281.40 2 0
ci-cd/internal/serve/remote_handlers.go:281.40,284.3 2 0
ci-cd/internal/serve/remote_handlers.go:286.2,287.16 2 0
ci-cd/internal/serve/remote_handlers.go:287.16,290.3 2 0
ci-cd/internal/serve/remote_handlers.go:292.2,293.16 2 0
ci-cd/internal/serve/remote_handlers.go:293.16,296.3 2 0
ci-cd/internal/serve/remote_handlers.go:297.2,300.16 3 0
ci-cd/internal/serve/remote_handlers.go:300.16,303.3 2 0
ci-cd/internal/serve/remote_handlers.go:304.2,311.17 6 0
ci-cd/internal/serve/remote_handlers.go:311.17,313.3 1 0
ci-cd/internal/serve/remote_handlers.go:315.2,315.24 1 0
ci-cd/internal/serve/remote_handlers.go:318.65,320.24 2 0
ci-cd/internal/serve/remote_handlers.go:320.24,323.3 2 0
ci-cd/internal/serve/remote_handlers.go:325.2,328.43 4 0
ci-cd/internal/serve/remote_handlers.go:328.43,331.3 2 0
ci-cd/internal/serve/remote_handlers.go:333.2,334.40 2 0
ci-cd/internal/serve/remote_handlers.go:334.40,337.3 2 0
ci-cd/internal/serve/remote_handlers.go:339.2,341.16 3 0
ci-cd/internal/serve/remote_handlers.go:341.16,344.3 2 0
ci-cd/internal/serve/remote_handlers.go:345.2,348.16 3 0
ci-cd/internal/serve/remote_handlers.go:348.16,351.3 2 0
ci-cd/internal/serve/remote_handlers.go:353.2,354.16 2 0
ci-cd/internal/serve/remote_handlers.go:354.16,357.3 2 0
ci-cd/internal/serve/remote_handlers.go:358.2,362.16 4 0
ci-cd/internal/serve/remote_handlers.go:362.16,365.3 2 0
ci-cd/internal/serve/remote_handlers.go:366.2,369.16 3 0
ci-cd/internal/serve/remote_handlers.go:369.16,372.3 2 0
ci-cd/internal/serve/remote_handlers.go:374.2,377.4 2 0
ci-cd/internal/serve/remote_handlers.go:380.65,382.24 2 0
ci-cd/internal/serve/remote_handlers.go:382.24,385.3 2 0
ci-cd/internal/serve/remote_handlers.go:387.2,390.43 4 0
ci-cd/internal/serve/remote_handlers.go:390.43,393.3 2 0
ci-cd/internal/serve/remote_handlers.go:395.2,396.40 2 0
ci-cd/internal/serve/remote_handlers.go:396.40,399.3 2 0
ci-cd/internal/serve/remote_handlers.go:401.2,402.16 2 0
ci-cd/internal/serve/remote_handlers.go:402.16,405.3 2 0
ci-cd/internal/serve/remote_handlers.go:407.2,408.16 2 0
ci-cd/internal/serve/remote_handlers.go:408.16,411.3 2 0
ci-cd/internal/serve/remote_handlers.go:412.2,415.16 3 0
ci-cd/internal/serve/remote_handlers.go:415.16,418.3 2 0
ci-cd/internal/serve/remote_handlers.go:420.2,420.18 1 0
ci-cd/internal/serve/remote_handlers.go:420.18,422.3 1 0
ci-cd/internal/serve/remote_handlers.go:422.8,424.3 1 0
ci-cd/internal/serve/remote_handlers.go:426.2,426.16 1 0
ci-cd/internal/serve/remote_handlers.go:426.16,429.3 2 0
ci-cd/internal/serve/remote_handlers.go:430.2,430.86 1 0
ci-cd/internal/serve/remote_handlers.go:433.64,435.24 2 0
ci-cd/internal/serve/remote_handlers.go:435.24,438.3 2 0
ci-cd/internal/serve/remote_handlers.go:440.2,443.43 4 0
ci-cd/internal/serve/remote_handlers.go:443.43,446.3 2 0
ci-cd/internal/serve/remote_handlers.go:448.2,449.40 2 0
ci-cd/internal/serve/remote_handlers.go:449.40,452.3 2 0
ci-cd/internal/serve/remote_handlers.go:454.2,455.16 2 0
ci-cd/internal/serve/remote_handlers.go:455.16,458.3 2 0
ci-cd/internal/serve/remote_handlers.go:460.2,461.16 2 0
ci-cd/internal/serve/remote_handlers.go:461.16,464.3 2 0
ci-cd/internal/serve/remote_handlers.go:465.2,467.56 2 0
ci-cd/internal/serve/remote_handlers.go:467.56,470.3 2 0
ci-cd/internal/serve/remote_handlers.go:471.2,471.92 1 0
ci-cd/internal/serve/remote_handlers.go:474.69,476.24 2 0
ci-cd/internal/serve/remote_handlers.go:476.24,479.3 2 0
ci-cd/internal/serve/remote_handlers.go:480.2,481.23 2 0
ci-cd/internal/serve/remote_handlers.go:481.23,484.3 2 0
ci-cd/internal/serve/remote_handlers.go:485.2,486.42 2 0
ci-cd/internal/serve/remote_handlers.go:486.42,490.3 3 0
ci-cd/internal/serve/remote_handlers.go:491.2,492.86 2 0
ci-cd/internal/serve/remote_servers.go:31.43,33.2 1 1
ci-cd/internal/serve/remote_servers.go:35.44,38.16 3 0
ci-cd/internal/serve/remote_servers.go:38.16,40.3 1 0
ci-cd/internal/serve/remote_servers.go:41.2,42.52 2 0
ci-cd/internal/serve/remote_servers.go:42.52,44.3 1 0
ci-cd/internal/serve/remote_servers.go:45.2,45.25 1 0
ci-cd/internal/serve/remote_servers.go:45.25,47.3 1 0
ci-cd/internal/serve/remote_servers.go:48.2,49.14 2 0
ci-cd/internal/serve/remote_servers.go:52.56,54.16 2 0
ci-cd/internal/serve/remote_servers.go:54.16,56.3 1 0
ci-cd/internal/serve/remote_servers.go:57.2,57.69 1 0
ci-cd/internal/serve/remote_servers.go:60.61,63.19 3 0
ci-cd/internal/serve/remote_servers.go:63.19,65.3 1 0
ci-cd/internal/serve/remote_servers.go:66.2,66.30 1 0
ci-cd/internal/serve/remote_servers.go:66.30,68.88 2 0
ci-cd/internal/serve/remote_servers.go:68.88,70.18 2 0
ci-cd/internal/serve/remote_servers.go:70.18,73.5 2 0
ci-cd/internal/serve/remote_servers.go:76.2,76.13 1 0
ci-cd/internal/serve/remote_servers.go:76.13,78.3 1 0
ci-cd/internal/serve/remote_servers.go:81.59,83.27 2 1
ci-cd/internal/serve/remote_servers.go:83.27,84.22 1 1
ci-cd/internal/serve/remote_servers.go:84.22,86.12 2 1
ci-cd/internal/serve/remote_servers.go:88.3,88.13 1 1
ci-cd/internal/serve/remote_servers.go:90.2,90.12 1 1
ci-cd/internal/serve/remote_servers.go:93.58,96.2 2 1
ci-cd/internal/serve/remote_servers.go:98.53,100.17 2 0
ci-cd/internal/serve/remote_servers.go:100.17,102.3 1 0
ci-cd/internal/serve/remote_servers.go:103.2,104.16 2 0
ci-cd/internal/serve/remote_servers.go:104.16,106.3 1 0
ci-cd/internal/serve/remote_servers.go:107.2,107.33 1 0
ci-cd/internal/serve/remote_servers.go:107.33,108.21 1 0
ci-cd/internal/serve/remote_servers.go:108.21,110.4 1 0
ci-cd/internal/serve/remote_servers.go:112.2,112.12 1 0
ci-cd/internal/serve/remote_servers.go:115.68,116.28 1 0
ci-cd/internal/serve/remote_servers.go:116.28,118.3 1 0
ci-cd/internal/serve/remote_servers.go:119.2,120.17 2 0
ci-cd/internal/serve/remote_servers.go:120.17,122.3 1 0
ci-cd/internal/serve/remote_servers.go:123.2,123.12 1 0
ci-cd/internal/serve/remote_servers.go:126.67,128.17 2 0
ci-cd/internal/serve/remote_servers.go:128.17,130.3 1 0
ci-cd/internal/serve/remote_servers.go:131.2,132.33 2 0
ci-cd/internal/serve/remote_servers.go:132.33,133.21 1 0
ci-cd/internal/serve/remote_servers.go:133.21,138.4 1 0
ci-cd/internal/serve/remote_servers.go:140.2,140.12 1 0
ci-cd/internal/serve/remote_servers.go:145.66,148.17 3 0
ci-cd/internal/serve/remote_servers.go:148.17,151.3 2 0
ci-cd/internal/serve/remote_servers.go:153.2,153.24 1 0
ci-cd/internal/serve/remote_servers.go:153.24,155.60 2 0
ci-cd/internal/serve/remote_servers.go:155.60,158.4 2 0
ci-cd/internal/serve/remote_servers.go:159.3,159.51 1 0
ci-cd/internal/serve/remote_servers.go:159.51,162.4 2 0
ci-cd/internal/serve/remote_servers.go:163.3,163.18 1 0
ci-cd/internal/serve/remote_servers.go:163.18,165.4 1 0
ci-cd/internal/serve/remote_servers.go:166.3,166.88 1 0
ci-cd/internal/serve/remote_servers.go:166.88,168.18 2 0
ci-cd/internal/serve/remote_servers.go:168.18,171.5 2 0
ci-cd/internal/serve/remote_servers.go:172.4,173.18 2 0
ci-cd/internal/serve/remote_servers.go:173.18,176.5 2 0
ci-cd/internal/serve/remote_servers.go:177.4,177.20 1 0
ci-cd/internal/serve/remote_servers.go:179.3,180.41 2 0
ci-cd/internal/serve/remote_servers.go:180.41,181.31 1 0
ci-cd/internal/serve/remote_servers.go:181.31,184.5 2 0
ci-cd/internal/serve/remote_servers.go:186.3,187.50 2 0
ci-cd/internal/serve/remote_servers.go:187.50,190.4 2 0
ci-cd/internal/serve/remote_servers.go:191.3,193.9 3 0
ci-cd/internal/serve/remote_servers.go:196.2,198.33 3 0
ci-cd/internal/serve/remote_servers.go:198.33,200.3 1 0
ci-cd/internal/serve/remote_servers.go:201.2,201.60 1 0
ci-cd/internal/serve/remote_servers.go:204.71,206.24 2 0
ci-cd/internal/serve/remote_servers.go:206.24,209.3 2 0
ci-cd/internal/serve/remote_servers.go:210.2,211.17 2 0
ci-cd/internal/serve/remote_servers.go:211.17,214.3 2 0
ci-cd/internal/serve/remote_servers.go:215.2,216.16 2 0
ci-cd/internal/serve/remote_servers.go:216.16,219.3 2 0
ci-cd/internal/serve/remote_servers.go:220.2,222.33 3 0
ci-cd/internal/serve/remote_servers.go:222.33,223.21 1 0
ci-cd/internal/serve/remote_servers.go:223.21,225.9 2 0
ci-cd/internal/serve/remote_servers.go:228.2,228.13 1 0
ci-cd/internal/serve/remote_servers.go:228.13,231.3 2 0
ci-cd/internal/serve/remote_servers.go:232.2,233.49 2 0
ci-cd/internal/serve/remote_servers.go:233.49,236.3 2 0
ci-cd/internal/serve/remote_servers.go:237.2,238.62 2 0
ci-cd/internal/serve/remote_servers.go:241.72,244.17 3 0
ci-cd/internal/serve/remote_servers.go:244.17,247.3 2 0
ci-cd/internal/serve/remote_servers.go:249.2,251.81 2 0
ci-cd/internal/serve/remote_servers.go:251.81,255.40 2 0
ci-cd/internal/serve/remote_servers.go:255.40,256.35 1 0
ci-cd/internal/serve/remote_servers.go:256.35,257.55 1 0
ci-cd/internal/serve/remote_servers.go:257.55,258.56 1 0
ci-cd/internal/serve/remote_servers.go:258.56,265.7 3 0
ci-cd/internal/serve/remote_servers.go:271.2,272.31 2 0
ci-cd/internal/serve/remote_servers.go:272.31,280.3 1 0
ci-cd/internal/serve/remote_servers.go:282.2,282.18 1 0
ci-cd/internal/serve/remote_servers.go:282.18,284.3 1 0
ci-cd/internal/serve/remote_servers.go:285.2,285.61 1 0
ci-cd/internal/cmd/cmd_log.go:24.54,31.17 6 0
ci-cd/internal/cmd/cmd_log.go:31.17,33.4 1 0
ci-cd/internal/cmd/cmd_log.go:35.3,36.17 2 0
ci-cd/internal/cmd/cmd_log.go:36.17,40.4 3 0
ci-cd/internal/cmd/cmd_log.go:41.3,41.24 1 0
ci-cd/internal/cmd/cmd_log.go:41.24,44.4 2 0
ci-cd/internal/cmd/cmd_log.go:45.3,48.29 4 0
ci-cd/internal/cmd/cmd_log.go:48.29,50.4 1 0
ci-cd/internal/cmd/cmd_log.go:51.3,51.13 1 0
ci-cd/internal/cmd/cmd_log.go:58.54,60.18 2 0
ci-cd/internal/cmd/cmd_log.go:60.18,62.4 1 0
ci-cd/internal/cmd/cmd_log.go:63.3,65.17 3 0
ci-cd/internal/cmd/cmd_log.go:65.17,67.4 1 0
ci-cd/internal/cmd/cmd_log.go:68.3,68.29 1 0
ci-cd/internal/cmd/cmd_log.go:68.29,69.17 1 0
ci-cd/internal/cmd/cmd_log.go:69.17,70.13 1 0
ci-cd/internal/cmd/cmd_log.go:72.4,73.78 2 0
ci-cd/internal/cmd/cmd_log.go:73.78,77.5 3 0
ci-cd/internal/cmd/cmd_log.go:79.3,79.13 1 0
ci-cd/internal/cmd/cmd_log.go:86.54,88.17 2 0
ci-cd/internal/cmd/cmd_log.go:88.17,90.4 1 0
ci-cd/internal/cmd/cmd_log.go:91.3,92.18 2 0
ci-cd/internal/cmd/cmd_log.go:92.18,94.4 1 0
ci-cd/internal/cmd/cmd_log.go:95.3,96.42 2 0
ci-cd/internal/cmd/cmd_log.go:96.42,98.4 1 0
ci-cd/internal/cmd/cmd_log.go:99.3,100.13 2 0
ci-cd/internal/cmd/cmd_log.go:109.54,114.18 4 0
ci-cd/internal/cmd/cmd_log.go:114.18,116.4 1 0
ci-cd/internal/cmd/cmd_log.go:117.3,119.17 3 0
ci-cd/internal/cmd/cmd_log.go:119.17,121.4 1 0
ci-cd/internal/cmd/cmd_log.go:123.3,133.36 3 0
ci-cd/internal/cmd/cmd_log.go:133.36,134.21 1 0
ci-cd/internal/cmd/cmd_log.go:134.21,135.13 1 0
ci-cd/internal/cmd/cmd_log.go:137.4,137.98 1 0
ci-cd/internal/cmd/cmd_log.go:137.98,138.13 1 0
ci-cd/internal/cmd/cmd_log.go:140.4,142.18 3 0
ci-cd/internal/cmd/cmd_log.go:142.18,143.13 1 0
ci-cd/internal/cmd/cmd_log.go:145.4,145.28 1 0
ci-cd/internal/cmd/cmd_log.go:145.28,149.20 4 0
ci-cd/internal/cmd/cmd_log.go:149.20,151.6 1 0
ci-cd/internal/cmd/cmd_log.go:152.5,153.19 2 0
ci-cd/internal/cmd/cmd_log.go:153.19,154.14 1 0
ci-cd/internal/cmd/cmd_log.go:156.5,165.54 2 0
ci-cd/internal/cmd/cmd_log.go:165.54,166.14 1 0
ci-cd/internal/cmd/cmd_log.go:168.5,173.26 2 0
ci-cd/internal/cmd/cmd_log.go:173.26,178.6 4 0
ci-cd/internal/cmd/cmd_log.go:179.5,179.42 1 0
ci-cd/internal/cmd/cmd_log.go:182.3,182.46 1 0
ci-cd/internal/cmd/cmd_log.go:182.46,184.4 1 0
ci-cd/internal/cmd/cmd_log.go:186.3,186.17 1 0
ci-cd/internal/cmd/cmd_log.go:186.17,190.4 3 0
ci-cd/internal/cmd/cmd_log.go:191.3,191.27 1 0
ci-cd/internal/cmd/cmd_log.go:191.27,194.4 2 0
ci-cd/internal/cmd/cmd_log.go:195.3,199.32 5 0
ci-cd/internal/cmd/cmd_log.go:199.32,201.26 2 0
ci-cd/internal/cmd/cmd_log.go:201.26,203.5 1 0
ci-cd/internal/cmd/cmd_log.go:204.4,204.126 1 0
ci-cd/internal/cmd/cmd_log.go:206.3,206.13 1 0
ci-cd/internal/cmd/cmd_log.go:210.13,260.2 39 1
ci-cd/internal/cmd/cmd_remote.go:25.54,30.41 5 0
ci-cd/internal/cmd/cmd_remote.go:30.41,32.4 1 0
ci-cd/internal/cmd/cmd_remote.go:33.3,34.17 2 0
ci-cd/internal/cmd/cmd_remote.go:34.17,36.4 1 0
ci-cd/internal/cmd/cmd_remote.go:37.3,39.17 3 0
ci-cd/internal/cmd/cmd_remote.go:39.17,41.4 1 0
ci-cd/internal/cmd/cmd_remote.go:42.3,45.17 3 0
ci-cd/internal/cmd/cmd_remote.go:45.17,47.4 1 0
ci-cd/internal/cmd/cmd_remote.go:48.3,50.29 3 0
ci-cd/internal/cmd/cmd_remote.go:50.29,53.17 3 0
ci-cd/internal/cmd/cmd_remote.go:53.17,55.5 1 0
ci-cd/internal/cmd/cmd_remote.go:56.4,57.63 2 0
ci-cd/internal/cmd/cmd_remote.go:59.3,59.13 1 0
ci-cd/internal/cmd/cmd_remote.go:67.54,71.23 4 0
ci-cd/internal/cmd/cmd_remote.go:71.23,73.4 1 0
ci-cd/internal/cmd/cmd_remote.go:74.3,75.41 2 0
ci-cd/internal/cmd/cmd_remote.go:75.41,77.4 1 0
ci-cd/internal/cmd/cmd_remote.go:78.3,79.17 2 0
ci-cd/internal/cmd/cmd_remote.go:79.17,81.4 1 0
ci-cd/internal/cmd/cmd_remote.go:82.3,84.17 3 0
ci-cd/internal/cmd/cmd_remote.go:84.17,86.4 1 0
ci-cd/internal/cmd/cmd_remote.go:87.3,90.17 3 0
ci-cd/internal/cmd/cmd_remote.go:90.17,92.4 1 0
ci-cd/internal/cmd/cmd_remote.go:93.3,97.17 4 0
ci-cd/internal/cmd/cmd_remote.go:97.17,99.4 1 0
ci-cd/internal/cmd/cmd_remote.go:100.3,103.17 3 0
ci-cd/internal/cmd/cmd_remote.go:103.17,105.4 1 0
ci-cd/internal/cmd/cmd_remote.go:106.3,107.13 2 0
ci-cd/internal/cmd/cmd_remote.go:115.54,120.41 5 0
ci-cd/internal/cmd/cmd_remote.go:120.41,122.4 1 0
ci-cd/internal/cmd/cmd_remote.go:123.3,124.41 2 0
ci-cd/internal/cmd/cmd_remote.go:124.41,126.4 1 0
ci-cd/internal/cmd/cmd_remote.go:127.3,128.17 2 0
ci-cd/internal/cmd/cmd_remote.go:128.17,130.4 1 0
ci-cd/internal/cmd/cmd_remote.go:131.3,133.17 3 0
ci-cd/internal/cmd/cmd_remote.go:133.17,135.4 1 0
ci-cd/internal/cmd/cmd_remote.go:136.3,139.17 3 0
ci-cd/internal/cmd/cmd_remote.go:139.17,141.4 1 0
ci-cd/internal/cmd/cmd_remote.go:142.3,147.17 5 0
ci-cd/internal/cmd/cmd_remote.go:147.17,149.4 1 0
ci-cd/internal/cmd/cmd_remote.go:150.3,153.17 3 0
ci-cd/internal/cmd/cmd_remote.go:153.17,155.4 1 0
ci-cd/internal/cmd/cmd_remote.go:156.3,157.13 2 0
ci-cd/internal/cmd/cmd_remote.go:165.54,169.23 4 0
ci-cd/internal/cmd/cmd_remote.go:169.23,171.4 1 0
ci-cd/internal/cmd/cmd_remote.go:172.3,173.41 2 0
ci-cd/internal/cmd/cmd_remote.go:173.41,175.4 1 0
ci-cd/internal/cmd/cmd_remote.go:176.3,177.17 2 0
ci-cd/internal/cmd/cmd_remote.go:177.17,179.4 1 0
ci-cd/internal/cmd/cmd_remote.go:180.3,182.17 3 0
ci-cd/internal/cmd/cmd_remote.go:182.17,184.4 1 0
ci-cd/internal/cmd/cmd_remote.go:185.3,188.17 3 0
ci-cd/internal/cmd/cmd_remote.go:188.17,190.4 1 0
ci-cd/internal/cmd/cmd_remote.go:191.3,191.19 1 0
ci-cd/internal/cmd/cmd_remote.go:191.19,193.4 1 0
ci-cd/internal/cmd/cmd_remote.go:193.9,195.4 1 0
ci-cd/internal/cmd/cmd_remote.go:196.3,196.17 1 0
ci-cd/internal/cmd/cmd_remote.go:196.17,198.4 1 0
ci-cd/internal/cmd/cmd_remote.go:199.3,200.13 2 0
ci-cd/internal/cmd/cmd_remote.go:208.54,212.23 4 0
ci-cd/internal/cmd/cmd_remote.go:212.23,214.4 1 0
ci-cd/internal/cmd/cmd_remote.go:215.3,216.41 2 0
ci-cd/internal/cmd/cmd_remote.go:216.41,218.4 1 0
ci-cd/internal/cmd/cmd_remote.go:219.3,220.17 2 0
ci-cd/internal/cmd/cmd_remote.go:220.17,222.4 1 0
ci-cd/internal/cmd/cmd_remote.go:223.3,225.17 3 0
ci-cd/internal/cmd/cmd_remote.go:225.17,227.4 1 0
ci-cd/internal/cmd/cmd_remote.go:228.3,230.57 2 0
ci-cd/internal/cmd/cmd_remote.go:230.57,232.4 1 0
ci-cd/internal/cmd/cmd_remote.go:233.3,234.13 2 0
ci-cd/internal/cmd/cmd_server.go:22.54,24.29 2 0
ci-cd/internal/cmd/cmd_server.go:24.29,27.4 2 0
ci-cd/internal/cmd/cmd_server.go:28.3,32.34 5 0
ci-cd/internal/cmd/cmd_server.go:32.34,34.4 1 0
ci-cd/internal/cmd/cmd_server.go:35.3,35.13 1 0
ci-cd/internal/cmd/cmd_server.go:42.54,52.45 9 0
ci-cd/internal/cmd/cmd_server.go:52.45,54.4 1 0
ci-cd/internal/cmd/cmd_server.go:55.3,55.16 1 0
ci-cd/internal/cmd/cmd_server.go:55.16,57.4 1 0
ci-cd/internal/cmd/cmd_server.go:58.3,58.47 1 0
ci-cd/internal/cmd/cmd_server.go:58.47,60.18 2 0
ci-cd/internal/cmd/cmd_server.go:60.18,62.5 1 0
ci-cd/internal/cmd/cmd_server.go:63.4,64.18 2 0
ci-cd/internal/cmd/cmd_server.go:64.18,66.5 1 0
ci-cd/internal/cmd/cmd_server.go:67.4,67.18 1 0
ci-cd/internal/cmd/cmd_server.go:69.3,70.34 2 0
ci-cd/internal/cmd/cmd_server.go:70.34,71.22 1 0
ci-cd/internal/cmd/cmd_server.go:71.22,73.5 1 0
ci-cd/internal/cmd/cmd_server.go:75.3,79.46 2 0
ci-cd/internal/cmd/cmd_server.go:79.46,81.4 1 0
ci-cd/internal/cmd/cmd_server.go:82.3,83.13 2 0
ci-cd/internal/cmd/cmd_server.go:91.54,95.34 4 0
ci-cd/internal/cmd/cmd_server.go:95.34,96.22 1 0
ci-cd/internal/cmd/cmd_server.go:96.22,98.10 2 0
ci-cd/internal/cmd/cmd_server.go:101.3,101.14 1 0
ci-cd/internal/cmd/cmd_server.go:101.14,103.4 1 0
ci-cd/internal/cmd/cmd_server.go:104.3,105.46 2 0
ci-cd/internal/cmd/cmd_server.go:105.46,107.4 1 0
ci-cd/internal/cmd/cmd_server.go:108.3,109.13 2 0
ci-cd/internal/cmd/commands.go:23.54,25.17 2 0
ci-cd/internal/cmd/commands.go:25.17,27.4 1 0
ci-cd/internal/cmd/commands.go:28.3,29.25 2 0
ci-cd/internal/cmd/commands.go:29.25,31.4 1 0
ci-cd/internal/cmd/commands.go:32.3,32.82 1 0
ci-cd/internal/cmd/commands.go:32.82,34.4 1 0
ci-cd/internal/cmd/commands.go:35.3,35.49 1 0
ci-cd/internal/cmd/commands.go:44.54,46.17 2 0
ci-cd/internal/cmd/commands.go:46.17,48.4 1 0
ci-cd/internal/cmd/commands.go:49.3,50.25 2 0
ci-cd/internal/cmd/commands.go:50.25,52.4 1 0
ci-cd/internal/cmd/commands.go:53.3,53.82 1 0
ci-cd/internal/cmd/commands.go:53.82,55.4 1 0
ci-cd/internal/cmd/commands.go:56.3,56.49 1 0
ci-cd/internal/cmd/commands.go:64.54,66.17 2 0
ci-cd/internal/cmd/commands.go:66.17,68.4 1 0
ci-cd/internal/cmd/commands.go:69.3,69.90 1 0
ci-cd/internal/cmd/commands.go:69.90,71.4 1 0
ci-cd/internal/cmd/commands.go:72.3,72.49 1 0
ci-cd/internal/cmd/commands.go:80.54,82.17 2 0
ci-cd/internal/cmd/commands.go:82.17,84.4 1 0
ci-cd/internal/cmd/commands.go:85.3,85.38 1 0
ci-cd/internal/cmd/commands.go:85.38,87.4 1 0
ci-cd/internal/cmd/commands.go:88.3,88.13 1 0
ci-cd/internal/cmd/commands.go:96.54,98.17 2 0
ci-cd/internal/cmd/commands.go:98.17,100.4 1 0
ci-cd/internal/cmd/commands.go:101.3,102.38 2 0
ci-cd/internal/cmd/commands.go:102.38,104.4 1 0
ci-cd/internal/cmd/commands.go:105.3,105.13 1 0
ci-cd/internal/cmd/commands.go:113.54,115.17 2 0
ci-cd/internal/cmd/commands.go:115.17,117.4 1 0
ci-cd/internal/cmd/commands.go:118.3,118.38 1 0
ci-cd/internal/cmd/commands.go:118.38,120.4 1 0
ci-cd/internal/cmd/commands.go:121.3,121.13 1 0
ci-cd/internal/cmd/commands.go:128.54,130.17 2 0
ci-cd/internal/cmd/commands.go:130.17,132.4 1 0
ci-cd/internal/cmd/commands.go:133.3,133.17 1 0
ci-cd/internal/cmd/commands.go:133.17,137.4 3 0
ci-cd/internal/cmd/commands.go:138.3,138.34 1 0
ci-cd/internal/cmd/commands.go:138.34,140.18 2 0
ci-cd/internal/cmd/commands.go:140.18,142.5 1 0
ci-cd/internal/cmd/commands.go:143.4,143.55 1 0
ci-cd/internal/cmd/commands.go:145.3,145.13 1 0
ci-cd/internal/cmd/commands.go:153.54,155.17 2 0
ci-cd/internal/cmd/commands.go:155.17,157.4 1 0
ci-cd/internal/cmd/commands.go:158.3,158.38 1 0
ci-cd/internal/cmd/commands.go:158.38,160.4 1 0
ci-cd/internal/cmd/commands.go:161.3,161.13 1 0
ci-cd/internal/cmd/commands.go:168.54,173.3 4 0
ci-cd/internal/cmd/commands.go:177.109,180.29 3 0
ci-cd/internal/cmd/commands.go:180.29,182.41 2 0
ci-cd/internal/cmd/commands.go:182.41,186.18 4 0
ci-cd/internal/cmd/commands.go:186.18,188.5 1 0
ci-cd/internal/cmd/commands.go:191.2,192.16 2 0
ci-cd/internal/cmd/commands.go:196.43,198.16 2 0
ci-cd/internal/cmd/commands.go:198.16,200.3 1 0
ci-cd/internal/cmd/commands.go:201.2,201.17 1 0
ci-cd/internal/cmd/commands.go:204.13,212.2 7 1
ci-cd/internal/cmd/commands_doctor.go:31.54,34.3 2 0
ci-cd/internal/cmd/commands_doctor.go:38.37,41.2 2 0
ci-cd/internal/cmd/commands_doctor.go:44.30,47.47 2 0
ci-cd/internal/cmd/commands_doctor.go:47.47,49.3 1 0
ci-cd/internal/cmd/commands_doctor.go:49.8,51.3 1 0
ci-cd/internal/cmd/commands_doctor.go:53.2,53.52 1 0
ci-cd/internal/cmd/commands_doctor.go:53.52,55.3 1 0
ci-cd/internal/cmd/commands_doctor.go:55.8,57.3 1 0
ci-cd/internal/cmd/commands_doctor.go:59.2,59.49 1 0
ci-cd/internal/cmd/commands_doctor.go:59.49,61.3 1 0
ci-cd/internal/cmd/commands_doctor.go:61.8,63.3 1 0
ci-cd/internal/cmd/commands_doctor.go:65.2,65.52 1 0
ci-cd/internal/cmd/commands_doctor.go:65.52,67.3 1 0
ci-cd/internal/cmd/commands_doctor.go:67.8,67.56 1 0
ci-cd/internal/cmd/commands_doctor.go:67.56,69.3 1 0
ci-cd/internal/cmd/commands_doctor.go:69.8,71.3 1 0
ci-cd/internal/cmd/commands_doctor.go:74.2,79.45 5 0
ci-cd/internal/cmd/commands_doctor.go:79.45,81.3 1 0
ci-cd/internal/cmd/commands_doctor.go:81.8,83.3 1 0
ci-cd/internal/cmd/commands_doctor.go:85.2,89.16 5 0
ci-cd/internal/cmd/commands_doctor.go:89.16,91.34 2 0
ci-cd/internal/cmd/commands_doctor.go:91.34,92.17 1 0
ci-cd/internal/cmd/commands_doctor.go:92.17,94.5 1 0
ci-cd/internal/cmd/commands_doctor.go:95.4,95.46 1 0
ci-cd/internal/cmd/commands_doctor.go:95.46,97.5 1 0
ci-cd/internal/cmd/commands_doctor.go:100.2,102.15 2 0
ci-cd/internal/cmd/commands_doctor.go:106.79,107.14 1 1
ci-cd/internal/cmd/commands_doctor.go:107.14,111.3 3 1
ci-cd/internal/cmd/commands_doctor.go:113.2,115.27 3 1
ci-cd/internal/cmd/commands_doctor.go:115.27,117.25 2 1
ci-cd/internal/cmd/commands_doctor.go:117.25,119.4 1 1
ci-cd/internal/cmd/commands_doctor.go:119.9,119.33 1 1
ci-cd/internal/cmd/commands_doctor.go:119.33,121.4 1 1
ci-cd/internal/cmd/commands_doctor.go:122.3,122.61 1 1
ci-cd/internal/cmd/commands_doctor.go:124.2,127.27 4 1
ci-cd/internal/cmd/commands_doctor.go:127.27,128.26 1 1
ci-cd/internal/cmd/commands_doctor.go:128.26,130.4 1 1
ci-cd/internal/cmd/commands_doctor.go:131.3,131.25 1 1
ci-cd/internal/cmd/commands_doctor.go:131.25,133.4 1 1
ci-cd/internal/cmd/commands_doctor.go:135.2,135.14 1 1
ci-cd/internal/cmd/commands_doctor.go:135.14,137.3 1 1
ci-cd/internal/cmd/commands_doctor.go:137.8,137.20 1 1
ci-cd/internal/cmd/commands_doctor.go:137.20,139.3 1 1
ci-cd/internal/cmd/commands_doctor.go:139.8,141.3 1 1
ci-cd/internal/cmd/commands_doctor.go:142.2,142.12 1 1
ci-cd/internal/cmd/commands_passwd.go:23.54,25.17 2 0
ci-cd/internal/cmd/commands_passwd.go:25.17,27.4 1 0
ci-cd/internal/cmd/commands_passwd.go:28.3,33.21 4 0
ci-cd/internal/cmd/commands_passwd.go:33.21,35.4 1 0
ci-cd/internal/cmd/commands_passwd.go:36.3,36.21 1 0
ci-cd/internal/cmd/commands_passwd.go:36.21,38.4 1 0
ci-cd/internal/cmd/commands_passwd.go:40.3,40.24 1 0
ci-cd/internal/cmd/commands_passwd.go:40.24,42.4 1 0
ci-cd/internal/cmd/commands_passwd.go:44.3,45.54 2 0
ci-cd/internal/cmd/commands_passwd.go:45.54,47.4 1 0
ci-cd/internal/cmd/commands_passwd.go:49.3,51.41 3 0
ci-cd/internal/cmd/commands_passwd.go:51.41,53.4 1 0
ci-cd/internal/cmd/commands_passwd.go:54.3,54.13 1 0
ci-cd/internal/cmd/commands_project.go:35.54,38.17 3 0
ci-cd/internal/cmd/commands_project.go:38.17,40.4 1 0
ci-cd/internal/cmd/commands_project.go:41.3,42.45 2 0
ci-cd/internal/cmd/commands_project.go:47.62,49.33 2 1
ci-cd/internal/cmd/commands_project.go:49.33,55.22 2 1
ci-cd/internal/cmd/commands_project.go:55.22,57.4 1 1
ci-cd/internal/cmd/commands_project.go:58.3,58.16 1 1
ci-cd/internal/cmd/commands_project.go:58.16,64.4 5 1
ci-cd/internal/cmd/commands_project.go:65.3,65.31 1 1
ci-cd/internal/cmd/commands_project.go:67.2,67.16 1 1
ci-cd/internal/cmd/commands_project.go:71.69,72.14 1 1
ci-cd/internal/cmd/commands_project.go:72.14,76.3 3 1
ci-cd/internal/cmd/commands_project.go:78.2,80.28 3 1
ci-cd/internal/cmd/commands_project.go:80.28,82.16 2 1
ci-cd/internal/cmd/commands_project.go:82.16,84.4 1 1
ci-cd/internal/cmd/commands_project.go:85.3,86.23 2 1
ci-cd/internal/cmd/commands_project.go:86.23,88.4 1 1
ci-cd/internal/cmd/commands_project.go:89.3,90.16 2 1
ci-cd/internal/cmd/commands_project.go:90.16,92.4 1 1
ci-cd/internal/cmd/commands_project.go:93.3,93.71 1 1
ci-cd/internal/cmd/commands_project.go:95.2,95.12 1 1
ci-cd/internal/cmd/commands_report.go:24.54,30.3 5 0
ci-cd/internal/cmd/commands_report.go:34.84,36.16 2 1
ci-cd/internal/cmd/commands_report.go:36.16,38.3 1 0
ci-cd/internal/cmd/commands_report.go:39.2,43.20 3 1
ci-cd/internal/cmd/commands_report.go:43.20,45.47 2 1
ci-cd/internal/cmd/commands_report.go:45.47,47.4 1 1
ci-cd/internal/cmd/commands_report.go:48.3,49.13 2 0
ci-cd/internal/cmd/commands_report.go:52.2,52.14 1 0
ci-cd/internal/cmd/commands_report.go:52.14,55.36 3 0
ci-cd/internal/cmd/commands_report.go:55.36,58.4 2 0
ci-cd/internal/cmd/commands_report.go:59.3,60.27 2 0
ci-cd/internal/cmd/commands_report.go:60.27,63.47 3 0
ci-cd/internal/cmd/commands_report.go:63.47,65.5 1 0
ci-cd/internal/cmd/commands_report.go:66.4,67.28 2 0
ci-cd/internal/cmd/commands_report.go:67.28,69.5 1 0
ci-cd/internal/cmd/commands_report.go:70.4,71.25 2 0
ci-cd/internal/cmd/commands_report.go:71.25,73.5 1 0
ci-cd/internal/cmd/commands_report.go:74.4,75.57 2 0
ci-cd/internal/cmd/commands_report.go:77.3,77.13 1 0
ci-cd/internal/cmd/commands_report.go:81.2,83.35 3 0
ci-cd/internal/cmd/commands_report.go:83.35,86.3 2 0
ci-cd/internal/cmd/commands_report.go:87.2,89.16 3 0
ci-cd/internal/cmd/commands_report.go:89.16,91.3 1 0
ci-cd/internal/cmd/commands_report.go:93.2,93.14 1 0
ci-cd/internal/cmd/commands_report.go:93.14,96.3 2 0
ci-cd/internal/cmd/commands_report.go:98.2,102.26 5 0
ci-cd/internal/cmd/commands_report.go:102.26,104.3 1 0
ci-cd/internal/cmd/commands_report.go:104.8,106.3 1 0
ci-cd/internal/cmd/commands_report.go:107.2,107.23 1 0
ci-cd/internal/cmd/commands_report.go:107.23,113.23 6 0
ci-cd/internal/cmd/commands_report.go:113.23,115.4 1 0
ci-cd/internal/cmd/commands_report.go:116.3,116.26 1 0
ci-cd/internal/cmd/commands_report.go:116.26,118.33 2 0
ci-cd/internal/cmd/commands_report.go:118.33,121.5 2 0
ci-cd/internal/cmd/commands_report.go:124.2,124.12 1 0
ci-cd/internal/cmd/local_commands.go:27.54,32.20 3 0
ci-cd/internal/cmd/local_commands.go:32.20,33.33 1 0
ci-cd/internal/cmd/local_commands.go:33.33,35.16 2 0
ci-cd/internal/cmd/local_commands.go:35.16,39.6 3 0
ci-cd/internal/cmd/local_commands.go:40.5,40.25 1 0
ci-cd/internal/cmd/local_commands.go:40.25,43.6 2 0
ci-cd/internal/cmd/local_commands.go:44.5,46.30 3 0
ci-cd/internal/cmd/local_commands.go:46.30,48.6 1 0
ci-cd/internal/cmd/local_commands.go:49.5,49.15 1 0
ci-cd/internal/cmd/local_commands.go:51.4,51.17 1 0
ci-cd/internal/cmd/local_commands.go:55.3,56.70 2 0
ci-cd/internal/cmd/local_commands.go:56.70,58.4 1 0
ci-cd/internal/cmd/local_commands.go:60.3,61.17 2 0
ci-cd/internal/cmd/local_commands.go:61.17,63.4 1 0
ci-cd/internal/cmd/local_commands.go:64.3,64.20 1 0
ci-cd/internal/cmd/local_commands.go:64.20,66.4 1 0
ci-cd/internal/cmd/local_commands.go:68.3,69.17 2 0
ci-cd/internal/cmd/local_commands.go:69.17,71.4 1 0
ci-cd/internal/cmd/local_commands.go:73.3,79.29 3 0
ci-cd/internal/cmd/local_commands.go:79.29,80.40 1 0
ci-cd/internal/cmd/local_commands.go:80.40,81.13 1 0
ci-cd/internal/cmd/local_commands.go:83.4,85.18 3 0
ci-cd/internal/cmd/local_commands.go:85.18,87.5 1 0
ci-cd/internal/cmd/local_commands.go:88.4,89.17 2 0
ci-cd/internal/cmd/local_commands.go:89.17,91.5 1 0
ci-cd/internal/cmd/local_commands.go:91.10,93.5 1 0
ci-cd/internal/cmd/local_commands.go:95.3,95.40 1 0
ci-cd/internal/cmd/local_commands.go:95.40,95.112 1 0
ci-cd/internal/cmd/local_commands.go:96.3,96.41 1 0
ci-cd/internal/cmd/local_commands.go:96.41,96.115 1 0
ci-cd/internal/cmd/local_commands.go:98.3,98.14 1 0
ci-cd/internal/cmd/local_commands.go:98.14,103.4 4 0
ci-cd/internal/cmd/local_commands.go:105.3,109.38 4 0
ci-cd/internal/cmd/local_commands.go:109.38,111.4 1 0
ci-cd/internal/cmd/local_commands.go:112.3,112.26 1 0
ci-cd/internal/cmd/local_commands.go:112.26,114.4 1 0
ci-cd/internal/cmd/local_commands.go:115.3,115.27 1 0
ci-cd/internal/cmd/local_commands.go:115.27,117.4 1 0
ci-cd/internal/cmd/local_commands.go:118.3,118.13 1 0
ci-cd/internal/cmd/local_commands.go:132.54,135.17 3 0
ci-cd/internal/cmd/local_commands.go:135.17,137.4 1 0
ci-cd/internal/cmd/local_commands.go:138.3,138.24 1 0
ci-cd/internal/cmd/local_commands.go:138.24,141.4 2 0
ci-cd/internal/cmd/local_commands.go:142.3,144.29 3 0
ci-cd/internal/cmd/local_commands.go:144.29,145.17 1 0
ci-cd/internal/cmd/local_commands.go:145.17,146.13 1 0
ci-cd/internal/cmd/local_commands.go:148.4,150.19 3 0
ci-cd/internal/cmd/local_commands.go:150.19,152.5 1 0
ci-cd/internal/cmd/local_commands.go:153.4,153.46 1 0
ci-cd/internal/cmd/local_commands.go:155.3,157.13 3 0
ci-cd/internal/cmd/local_commands.go:165.54,168.78 2 0
ci-cd/internal/cmd/local_commands.go:168.78,170.4 1 0
ci-cd/internal/cmd/local_commands.go:171.3,173.17 3 0
ci-cd/internal/cmd/local_commands.go:173.17,175.4 1 0
ci-cd/internal/cmd/local_commands.go:176.3,177.49 2 0
ci-cd/internal/cmd/local_commands.go:177.49,179.4 1 0
ci-cd/internal/cmd/local_commands.go:180.3,180.13 1 0
ci-cd/internal/cmd/local_commands.go:184.13,191.2 5 1
ci-cd/internal/cmd/remote_commands.go:34.38,36.17 2 1
ci-cd/internal/cmd/remote_commands.go:36.17,38.3 1 0
ci-cd/internal/cmd/remote_commands.go:39.2,40.16 2 1
ci-cd/internal/cmd/remote_commands.go:40.16,42.3 1 0
ci-cd/internal/cmd/remote_commands.go:43.2,44.52 2 1
ci-cd/internal/cmd/remote_commands.go:44.52,46.3 1 0
ci-cd/internal/cmd/remote_commands.go:47.2,47.25 1 1
ci-cd/internal/cmd/remote_commands.go:47.25,49.3 1 0
ci-cd/internal/cmd/remote_commands.go:50.2,51.14 2 1
ci-cd/internal/cmd/remote_commands.go:54.67,57.19 3 1
ci-cd/internal/cmd/remote_commands.go:57.19,59.3 1 0
ci-cd/internal/cmd/remote_commands.go:60.2,60.30 1 1
ci-cd/internal/cmd/remote_commands.go:60.30,62.88 2 1
ci-cd/internal/cmd/remote_commands.go:62.88,64.18 2 1
ci-cd/internal/cmd/remote_commands.go:64.18,67.5 2 1
ci-cd/internal/cmd/remote_commands.go:70.2,70.13 1 1
ci-cd/internal/cmd/remote_commands.go:70.13,72.3 1 1
ci-cd/internal/cmd/remote_commands.go:75.48,77.17 2 1
ci-cd/internal/cmd/remote_commands.go:77.17,79.3 1 0
ci-cd/internal/cmd/remote_commands.go:80.2,81.16 2 1
ci-cd/internal/cmd/remote_commands.go:81.16,83.3 1 0
ci-cd/internal/cmd/remote_commands.go:84.2,84.100 1 1
ci-cd/internal/cmd/remote_commands.go:87.64,89.16 2 0
ci-cd/internal/cmd/remote_commands.go:89.16,91.3 1 0
ci-cd/internal/cmd/remote_commands.go:92.2,93.38 2 0
ci-cd/internal/cmd/remote_commands.go:96.62,97.28 1 0
ci-cd/internal/cmd/remote_commands.go:97.28,99.34 2 0
ci-cd/internal/cmd/remote_commands.go:99.34,100.22 1 0
ci-cd/internal/cmd/remote_commands.go:100.22,105.5 1 0
ci-cd/internal/cmd/remote_commands.go:107.3,107.13 1 0
ci-cd/internal/cmd/remote_commands.go:109.2,110.16 2 0
ci-cd/internal/cmd/remote_commands.go:110.16,112.3 1 0
ci-cd/internal/cmd/remote_commands.go:113.2,113.33 1 0
ci-cd/internal/cmd/remote_commands.go:113.33,114.40 1 0
ci-cd/internal/cmd/remote_commands.go:114.40,116.4 1 0
ci-cd/internal/cmd/remote_commands.go:118.2,118.12 1 0
ci-cd/internal/cmd/remote_commands.go:121.81,123.17 2 0
ci-cd/internal/cmd/remote_commands.go:123.17,125.3 1 0
ci-cd/internal/cmd/remote_commands.go:126.2,126.16 1 0
ci-cd/internal/cmd/remote_commands.go:126.16,128.3 1 0
ci-cd/internal/cmd/remote_commands.go:129.2,131.16 3 0
ci-cd/internal/cmd/remote_commands.go:131.16,133.3 1 0
ci-cd/internal/cmd/remote_commands.go:134.2,136.29 3 0
ci-cd/internal/cmd/remote_commands.go:136.29,137.17 1 0
ci-cd/internal/cmd/remote_commands.go:137.17,138.12 1 0
ci-cd/internal/cmd/remote_commands.go:140.3,145.62 2 0
ci-cd/internal/cmd/remote_commands.go:145.62,146.12 1 0
ci-cd/internal/cmd/remote_commands.go:148.3,148.42 1 0
ci-cd/internal/cmd/remote_commands.go:148.42,149.12 1 0
ci-cd/internal/cmd/remote_commands.go:151.3,151.65 1 0
ci-cd/internal/cmd/remote_commands.go:151.65,152.12 1 0
ci-cd/internal/cmd/remote_commands.go:154.3,156.5 1 0
ci-cd/internal/cmd/remote_commands.go:158.2,158.42 1 0
ci-cd/internal/cmd/remote_commands.go:158.42,160.3 1 0
ci-cd/internal/cmd/remote_commands.go:161.2,161.39 1 0
ci-cd/internal/cmd/remote_commands.go:161.39,163.3 1 0
ci-cd/internal/cmd/remote_commands.go:164.2,164.16 1 0
ci-cd/internal/cmd/serve.go:21.54,28.14 5 0
ci-cd/internal/cmd/serve.go:28.14,32.4 3 0
ci-cd/internal/cmd/serve.go:34.3,41.13 7 0
ci-cd/internal/cmd/serve.go:41.13,49.4 6 0
ci-cd/internal/cmd/serve.go:51.3,51.80 1 0
ci-cd/internal/cmd/serve.go:51.80,53.4 1 0
ci-cd/internal/cmd/serve.go:54.3,54.13 1 0
ci-cd/internal/cmd/serve.go:58.13,61.2 2 1
ci-cd/internal/cmd/serve.go:67.21,68.21 1 1
ci-cd/internal/cmd/serve.go:68.21,70.3 1 0
ci-cd/internal/cmd/serve.go:71.2,72.16 2 1
ci-cd/internal/cmd/serve.go:72.16,74.3 1 0
ci-cd/internal/cmd/serve.go:75.2,75.26 1 1
ci-cd/internal/runner/build.go:15.84,20.21 4 1
ci-cd/internal/runner/build.go:21.40,26.27 5 1
ci-cd/internal/runner/build.go:26.27,30.4 3 1
ci-cd/internal/runner/build.go:30.9,32.87 1 1
ci-cd/internal/runner/build.go:32.87,34.5 1 1
ci-cd/internal/runner/build.go:34.10,36.5 1 0
ci-cd/internal/runner/build.go:38.3,40.5 1 1
ci-cd/internal/runner/build.go:42.24,47.27 5 1
ci-cd/internal/runner/build.go:47.27,51.4 3 1
ci-cd/internal/runner/build.go:51.9,55.30 3 1
ci-cd/internal/runner/build.go:55.30,57.61 2 0
ci-cd/internal/runner/build.go:57.61,60.11 3 0
ci-cd/internal/runner/build.go:63.4,63.15 1 1
ci-cd/internal/runner/build.go:63.15,65.5 1 1
ci-cd/internal/runner/build.go:67.3,69.5 1 1
ci-cd/internal/runner/build.go:71.29,76.27 5 1
ci-cd/internal/runner/build.go:76.27,80.4 3 0
ci-cd/internal/runner/build.go:80.9,82.4 1 1
ci-cd/internal/runner/build.go:83.3,85.5 1 1
ci-cd/internal/runner/build.go:87.10,91.5 2 1
ci-cd/internal/runner/build.go:94.2,96.16 3 1
ci-cd/internal/runner/build.go:96.16,98.3 1 1
ci-cd/internal/runner/build.go:100.2,104.8 1 1
ci-cd/internal/runner/build.go:108.52,109.28 1 1
ci-cd/internal/runner/build.go:109.28,110.39 1 1
ci-cd/internal/runner/build.go:110.39,111.26 1 1
ci-cd/internal/runner/build.go:111.26,113.5 1 1
ci-cd/internal/runner/build.go:116.2,116.14 1 1
ci-cd/internal/runner/check.go:13.96,16.30 3 1
ci-cd/internal/runner/check.go:16.30,20.19 3 1
ci-cd/internal/runner/check.go:20.19,22.4 1 0
ci-cd/internal/runner/check.go:24.3,24.25 1 1
ci-cd/internal/runner/check.go:24.25,26.4 1 0
ci-cd/internal/runner/check.go:28.2,33.15 2 1
ci-cd/internal/runner/check.go:39.112,45.21 5 1
ci-cd/internal/runner/check.go:46.24,47.39 1 1
ci-cd/internal/runner/check.go:47.39,50.58 3 1
ci-cd/internal/runner/check.go:50.58,53.5 2 1
ci-cd/internal/runner/check.go:55.3,55.42 1 1
ci-cd/internal/runner/check.go:55.42,58.61 3 1
ci-cd/internal/runner/check.go:58.61,61.5 2 0
ci-cd/internal/runner/check.go:64.22,65.39 1 1
ci-cd/internal/runner/check.go:65.39,68.58 3 1
ci-cd/internal/runner/check.go:68.58,71.5 2 0
ci-cd/internal/runner/check.go:73.3,73.42 1 1
ci-cd/internal/runner/check.go:73.42,77.61 4 1
ci-cd/internal/runner/check.go:77.61,80.5 2 0
ci-cd/internal/runner/check.go:83.24,84.43 1 1
ci-cd/internal/runner/check.go:84.43,87.62 3 1
ci-cd/internal/runner/check.go:87.62,90.5 2 0
ci-cd/internal/runner/check.go:92.3,92.46 1 1
ci-cd/internal/runner/check.go:92.46,96.65 4 1
ci-cd/internal/runner/check.go:96.65,99.5 2 1
ci-cd/internal/runner/check.go:102.29,103.43 1 1
ci-cd/internal/runner/check.go:103.43,106.62 3 1
ci-cd/internal/runner/check.go:106.62,109.5 2 0
ci-cd/internal/runner/check.go:112.10,113.87 1 1
ci-cd/internal/runner/check.go:116.2,118.16 3 1
ci-cd/internal/runner/check.go:118.16,120.3 1 1
ci-cd/internal/runner/check.go:123.2,124.26 2 1
ci-cd/internal/runner/check.go:124.26,125.23 1 1
ci-cd/internal/runner/check.go:125.23,127.4 1 1
ci-cd/internal/runner/check.go:129.2,130.26 2 1
ci-cd/internal/runner/check.go:130.26,132.3 1 0
ci-cd/internal/runner/check.go:134.2,139.8 1 1
ci-cd/internal/runner/check.go:144.60,145.22 1 1
ci-cd/internal/runner/check.go:145.22,147.3 1 1
ci-cd/internal/runner/check.go:148.2,149.9 2 1
ci-cd/internal/runner/check.go:149.9,151.3 1 1
ci-cd/internal/runner/check.go:152.2,152.16 1 1
ci-cd/internal/runner/deploy.go:23.78,26.56 2 0
ci-cd/internal/runner/deploy.go:26.56,32.3 1 0
ci-cd/internal/runner/deploy.go:34.2,39.16 4 0
ci-cd/internal/runner/deploy.go:39.16,45.3 1 0
ci-cd/internal/runner/deploy.go:48.2,52.16 3 0
ci-cd/internal/runner/deploy.go:52.16,58.3 1 0
ci-cd/internal/runner/deploy.go:60.2,62.16 3 0
ci-cd/internal/runner/deploy.go:62.16,68.3 1 0
ci-cd/internal/runner/deploy.go:69.2,72.67 2 0
ci-cd/internal/runner/deploy.go:72.67,74.3 1 0
ci-cd/internal/runner/deploy.go:77.2,78.72 2 0
ci-cd/internal/runner/deploy.go:78.72,84.3 1 0
ci-cd/internal/runner/deploy.go:85.2,89.58 3 0
ci-cd/internal/runner/deploy.go:89.58,92.3 2 0
ci-cd/internal/runner/deploy.go:94.2,94.60 1 0
ci-cd/internal/runner/deploy.go:94.60,96.27 2 0
ci-cd/internal/runner/deploy.go:96.27,98.4 1 0
ci-cd/internal/runner/deploy.go:98.9,100.4 1 0
ci-cd/internal/runner/deploy.go:103.2,106.8 1 0
ci-cd/internal/runner/deploy.go:110.84,113.56 2 0
ci-cd/internal/runner/deploy.go:113.56,119.3 1 0
ci-cd/internal/runner/deploy.go:121.2,126.16 5 0
ci-cd/internal/runner/deploy.go:126.16,128.3 1 0
ci-cd/internal/runner/deploy.go:130.2,132.16 3 0
ci-cd/internal/runner/deploy.go:132.16,134.3 1 0
ci-cd/internal/runner/deploy.go:135.2,137.16 2 0
ci-cd/internal/runner/deploy.go:138.15,140.27 2 0
ci-cd/internal/runner/deploy.go:140.27,142.4 1 0
ci-cd/internal/runner/deploy.go:142.9,144.4 1 0
ci-cd/internal/runner/deploy.go:145.14,147.27 2 0
ci-cd/internal/runner/deploy.go:147.27,149.4 1 0
ci-cd/internal/runner/deploy.go:149.9,151.4 1 0
ci-cd/internal/runner/deploy.go:152.16,154.80 2 0
ci-cd/internal/runner/deploy.go:155.14,157.27 2 0
ci-cd/internal/runner/deploy.go:157.27,159.4 1 0
ci-cd/internal/runner/deploy.go:159.9,161.4 1 0
ci-cd/internal/runner/deploy.go:164.2,167.8 1 0
ci-cd/internal/runner/deploy.go:180.111,182.77 1 1
ci-cd/internal/runner/deploy.go:182.77,184.21 2 1
ci-cd/internal/runner/deploy.go:184.21,186.4 1 0
ci-cd/internal/runner/deploy.go:187.3,188.20 2 1
ci-cd/internal/runner/deploy.go:188.20,190.4 1 1
ci-cd/internal/runner/deploy.go:191.3,192.22 2 1
ci-cd/internal/runner/deploy.go:192.22,194.4 1 1
ci-cd/internal/runner/deploy.go:195.3,200.4 1 1
ci-cd/internal/runner/deploy.go:203.2,203.21 1 1
ci-cd/internal/runner/deploy.go:204.40,210.4 1 1
ci-cd/internal/runner/deploy.go:211.24,217.4 1 1
ci-cd/internal/runner/deploy.go:218.29,224.4 1 1
ci-cd/internal/runner/deploy.go:225.10,231.4 1 1
ci-cd/internal/runner/deploy.go:236.80,237.9 1 1
ci-cd/internal/runner/deploy.go:238.35,240.61 2 1
ci-cd/internal/runner/deploy.go:240.61,242.4 1 0
ci-cd/internal/runner/deploy.go:243.3,243.80 1 1
ci-cd/internal/runner/deploy.go:244.32,246.17 2 1
ci-cd/internal/runner/deploy.go:246.17,248.4 1 0
ci-cd/internal/runner/deploy.go:250.3,250.26 1 1
ci-cd/internal/runner/deploy.go:250.26,252.60 2 0
ci-cd/internal/runner/deploy.go:252.60,254.5 1 0
ci-cd/internal/runner/deploy.go:256.3,256.80 1 1
ci-cd/internal/runner/deploy.go:257.10,258.69 1 1
ci-cd/internal/runner/deploy.go:263.72,265.16 2 0
ci-cd/internal/runner/deploy.go:265.16,267.3 1 0
ci-cd/internal/runner/deploy.go:268.2,271.16 3 0
ci-cd/internal/runner/deploy.go:271.16,273.3 1 0
ci-cd/internal/runner/deploy.go:275.2,275.16 1 0
ci-cd/internal/runner/deploy.go:275.16,277.3 1 0
ci-cd/internal/runner/deploy.go:278.2,278.57 1 0
ci-cd/internal/runner/deploy.go:282.77,284.16 2 0
ci-cd/internal/runner/deploy.go:284.16,286.3 1 0
ci-cd/internal/runner/deploy.go:287.2,291.16 4 0
ci-cd/internal/runner/deploy.go:291.16,293.3 1 0
ci-cd/internal/runner/deploy.go:294.2,297.12 3 0
ci-cd/internal/runner/deploy.go:301.75,303.16 2 0
ci-cd/internal/runner/deploy.go:303.16,305.3 1 0
ci-cd/internal/runner/deploy.go:306.2,306.32 1 0
ci-cd/internal/runner/deploy.go:306.32,309.20 3 0
ci-cd/internal/runner/deploy.go:309.20,311.71 2 0
ci-cd/internal/runner/deploy.go:311.71,313.5 1 0
ci-cd/internal/runner/deploy.go:314.9,315.72 1 0
ci-cd/internal/runner/deploy.go:315.72,317.5 1 0
ci-cd/internal/runner/deploy.go:320.2,320.12 1 0
ci-cd/internal/runner/deploy.go:324.66,326.16 2 0
ci-cd/internal/runner/deploy.go:326.16,328.3 1 0
ci-cd/internal/runner/deploy.go:329.2,330.39 2 0
ci-cd/internal/runner/deploy.go:341.66,343.16 2 0
ci-cd/internal/runner/deploy.go:343.16,345.3 1 0
ci-cd/internal/runner/deploy.go:346.2,354.16 7 0
ci-cd/internal/runner/deploy.go:354.16,355.46 1 0
ci-cd/internal/runner/deploy.go:355.46,357.4 1 0
ci-cd/internal/runner/deploy.go:357.9,359.4 1 0
ci-cd/internal/runner/deploy.go:362.2,366.3 1 0
ci-cd/internal/runner/detect.go:33.56,36.51 2 1
ci-cd/internal/runner/detect.go:36.51,38.3 1 1
ci-cd/internal/runner/detect.go:41.2,42.51 2 1
ci-cd/internal/runner/detect.go:42.51,44.104 2 1
ci-cd/internal/runner/detect.go:44.104,46.4 1 1
ci-cd/internal/runner/detect.go:47.3,47.26 1 1
ci-cd/internal/runner/detect.go:51.2,51.60 1 1
ci-cd/internal/runner/detect.go:51.60,53.3 1 1
ci-cd/internal/runner/detect.go:56.2,56.58 1 1
ci-cd/internal/runner/detect.go:56.58,58.3 1 1
ci-cd/internal/runner/detect.go:61.2,61.54 1 1
ci-cd/internal/runner/detect.go:61.54,63.3 1 1
ci-cd/internal/runner/detect.go:65.2,65.27 1 1
ci-cd/internal/runner/detect.go:69.50,74.51 2 1
ci-cd/internal/runner/detect.go:74.51,76.3 1 1
ci-cd/internal/runner/detect.go:78.2,78.35 1 1
ci-cd/internal/runner/detect.go:78.35,82.3 3 1
ci-cd/internal/runner/detect.go:84.2,84.9 1 1
ci-cd/internal/runner/detect.go:85.23,86.26 1 1
ci-cd/internal/runner/detect.go:87.45,88.24 1 1
ci-cd/internal/runner/detect.go:89.31,90.28 1 1
ci-cd/internal/runner/detect.go:91.22,92.25 1 1
ci-cd/internal/runner/detect.go:93.10,94.25 1 1
ci-cd/internal/runner/detect.go:99.35,102.2 2 1
ci-cd/internal/runner/detect.go:105.41,106.11 1 1
ci-cd/internal/runner/detect.go:107.94,108.14 1 1
ci-cd/internal/runner/detect.go:109.10,110.15 1 1
ci-cd/internal/runner/detect.go:115.38,117.2 1 1
ci-cd/internal/runner/exec.go:32.101,42.16 8 1
ci-cd/internal/runner/exec.go:42.16,43.47 1 1
ci-cd/internal/runner/exec.go:43.47,45.4 1 1
ci-cd/internal/runner/exec.go:45.9,50.4 1 1
ci-cd/internal/runner/exec.go:53.2,57.3 1 1
ci-cd/internal/runner/exec.go:61.87,63.2 1 1
ci-cd/internal/runner/exec.go:66.77,70.2 3 0
ci-cd/internal/runner/exec.go:73.77,75.48 2 1
ci-cd/internal/runner/exec.go:75.48,77.3 1 0
ci-cd/internal/runner/exec.go:78.2,78.51 1 1
ci-cd/internal/runner/exec.go:82.67,86.2 3 1
ci-cd/internal/runner/exec.go:89.77,91.48 2 1
ci-cd/internal/runner/exec.go:91.48,93.3 1 0
ci-cd/internal/runner/exec.go:94.2,94.51 1 1
ci-cd/internal/runner/exec.go:98.77,100.48 2 1
ci-cd/internal/runner/exec.go:100.48,102.3 1 0
ci-cd/internal/runner/exec.go:103.2,103.51 1 1
ci-cd/internal/runner/exec.go:107.77,109.48 2 1
ci-cd/internal/runner/exec.go:109.48,111.3 1 0
ci-cd/internal/runner/exec.go:112.2,112.51 1 1
ci-cd/internal/runner/exec.go:116.67,120.2 3 1
ci-cd/internal/runner/exec.go:138.99,144.34 5 1
ci-cd/internal/runner/exec.go:144.34,146.3 1 1
ci-cd/internal/runner/exec.go:147.2,147.24 1 1
ci-cd/internal/runner/exec.go:147.24,149.3 1 1
ci-cd/internal/runner/exec.go:150.2,150.51 1 1
ci-cd/internal/runner/exec.go:154.42,157.16 3 1
ci-cd/internal/runner/exec.go:157.16,157.42 1 1
ci-cd/internal/runner/push.go:14.52,15.31 1 1
ci-cd/internal/runner/push.go:15.31,18.3 2 1
ci-cd/internal/runner/push.go:21.2,22.18 2 1
ci-cd/internal/runner/push.go:22.18,25.27 2 0
ci-cd/internal/runner/push.go:25.27,27.4 1 0
ci-cd/internal/runner/push.go:28.3,28.44 1 0
ci-cd/internal/runner/push.go:31.2,32.41 2 1
ci-cd/internal/runner/push.go:32.41,33.22 1 1
ci-cd/internal/runner/push.go:33.22,34.12 1 0
ci-cd/internal/runner/push.go:38.3,40.33 3 1
ci-cd/internal/runner/push.go:40.33,41.66 1 1
ci-cd/internal/runner/push.go:41.66,42.69 1 1
ci-cd/internal/runner/push.go:42.69,44.11 2 1
ci-cd/internal/runner/push.go:49.3,49.20 1 1
ci-cd/internal/runner/push.go:49.20,51.31 2 0
ci-cd/internal/runner/push.go:51.31,54.13 3 0
ci-cd/internal/runner/push.go:56.4,56.99 1 0
ci-cd/internal/runner/push.go:59.3,61.31 3 1
ci-cd/internal/runner/push.go:61.31,63.4 1 1
ci-cd/internal/runner/push.go:63.9,66.4 2 1
ci-cd/internal/runner/push.go:69.2,69.17 1 1
ci-cd/internal/runner/push.go:69.17,71.3 1 1
ci-cd/internal/runner/push.go:72.2,72.12 1 1
ci-cd/internal/runner/runner.go:70.97,73.25 2 1
ci-cd/internal/runner/runner.go:73.25,74.40 1 1
ci-cd/internal/runner/runner.go:74.40,76.4 1 1
ci-cd/internal/runner/runner.go:79.2,79.16 1 1
ci-cd/internal/runner/runner.go:80.23,81.50 1 1
ci-cd/internal/runner/runner.go:82.23,83.48 1 0
ci-cd/internal/runner/runner.go:84.21,85.32 1 0
ci-cd/internal/runner/runner.go:86.10,87.58 1 0
ci-cd/internal/runner/runner.go:92.94,99.16 4 1
ci-cd/internal/runner/runner.go:100.15,101.64 1 1
ci-cd/internal/runner/runner.go:102.15,103.52 1 0
ci-cd/internal/runner/runner.go:104.14,106.34 2 1
ci-cd/internal/runner/runner.go:106.34,109.4 2 1
ci-cd/internal/runner/runner.go:110.3,112.21 3 1
ci-cd/internal/runner/runner.go:113.10,120.45 1 0
ci-cd/internal/runner/runner.go:125.92,128.16 2 0
ci-cd/internal/runner/runner.go:129.16,130.43 1 0
ci-cd/internal/runner/runner.go:131.41,132.49 1 0
ci-cd/internal/runner/runner.go:133.10,140.51 1 0
ci-cd/internal/runner/runner.go:145.60,147.16 2 0
ci-cd/internal/runner/runner.go:147.16,155.3 1 0
ci-cd/internal/runner/runner.go:156.2,161.8 1 0
ci-cd/internal/runner/runner.go:165.53,166.25 1 1
ci-cd/internal/runner/runner.go:166.25,167.44 1 1
ci-cd/internal/runner/runner.go:167.44,172.69 2 0
ci-cd/internal/runner/runner.go:172.69,174.30 2 0
ci-cd/internal/runner/runner.go:174.30,176.6 1 0
ci-cd/internal/runner/runner.go:177.5,177.18 1 0
ci-cd/internal/runner/runner.go:181.2,181.12 1 1
ci-cd/internal/runner/runner.go:188.21,191.2 2 0
ci-cd/internal/runner/runner.go:194.55,199.2 4 1
ci-cd/internal/runner/runner.go:202.55,207.2 4 1
ci-cd/internal/runner/runner.go:210.54,215.2 4 1
ci-cd/internal/runner/runner.go:218.44,220.16 2 1
ci-cd/internal/runner/runner.go:220.16,222.3 1 0
ci-cd/internal/runner/runner.go:223.2,223.29 1 1
ci-cd/internal/runner/runner.go:223.29,225.3 1 1
ci-cd/internal/runner/runner.go:226.2,226.12 1 1
ci-cd/internal/runner/runner.go:230.71,232.18 2 1
ci-cd/internal/runner/runner.go:232.18,234.3 1 1
ci-cd/internal/runner/runner.go:235.2,238.20 4 1
ci-cd/internal/runner/runner.go:242.45,246.2 3 0
ci-cd/internal/runner/runner.go:249.40,250.9 1 0
ci-cd/internal/runner/runner.go:251.36,252.54 1 0
ci-cd/internal/runner/runner.go:253.28,254.61 1 0
ci-cd/internal/runner/runner.go:255.10,256.51 1 0
ci-cd/internal/runner/runner.go:259.2,261.55 3 0
ci-cd/internal/runner/runner.go:261.55,263.3 1 0
ci-cd/internal/runner/runner.go:263.8,265.3 1 0
ci-cd/internal/runner/runner.go:269.60,290.2 9 1
ci-cd/internal/runner/runner.go:294.44,297.16 3 1
ci-cd/internal/runner/runner.go:297.16,299.3 1 0
ci-cd/internal/runner/runner.go:300.2,300.24 1 1
ci-cd/internal/runner/runner.go:300.24,302.3 1 1
ci-cd/internal/runner/runner.go:303.2,304.39 2 1
ci-cd/internal/runner/runner.go:304.39,306.3 1 1
ci-cd/internal/runner/runner.go:309.36,312.2 2 1
ci-cd/internal/runner/runner.go:314.31,317.2 2 1
ci-cd/internal/runner/runner.go:320.32,322.2 1 1
ci-cd/internal/runner/runner.go:325.45,328.51 2 1
ci-cd/internal/runner/runner.go:328.51,332.61 2 1
ci-cd/internal/runner/runner.go:332.61,334.4 1 1
ci-cd/internal/runner/runner.go:337.2,338.51 2 1
ci-cd/internal/runner/runner.go:338.51,340.59 2 1
ci-cd/internal/runner/runner.go:340.59,342.16 2 1
ci-cd/internal/runner/runner.go:342.16,344.5 1 1
ci-cd/internal/runner/runner.go:347.2,347.11 1 1
ci-cd/internal/runner/runner.go:351.55,353.86 2 0
ci-cd/internal/runner/runner.go:353.86,355.3 1 0
ci-cd/internal/runner/runner.go:356.2,356.81 1 0
ci-cd/internal/runner/runner.go:356.81,358.3 1 0
ci-cd/internal/runner/runner.go:359.2,359.8 1 0
ci-cd/internal/runner/runner.go:383.43,614.16 2 1
ci-cd/internal/runner/runner.go:615.16,618.22 3 1
ci-cd/internal/runner/runner.go:619.13,621.22 2 1
ci-cd/internal/runner/runner.go:622.10,624.27 2 1
ci-cd/internal/runner/runner.go:624.27,626.4 1 1
ci-cd/internal/runner/runner.go:627.3,627.16 1 1
ci-cd/internal/runner/test.go:17.96,20.21 2 1
ci-cd/internal/runner/test.go:21.40,22.58 1 1
ci-cd/internal/runner/test.go:23.24,24.42 1 1
ci-cd/internal/runner/test.go:25.29,26.47 1 1
ci-cd/internal/runner/test.go:27.10,32.14 2 1
ci-cd/internal/runner/test.go:37.113,40.16 3 1
ci-cd/internal/runner/test.go:40.16,42.3 1 0
ci-cd/internal/runner/test.go:44.2,50.35 3 1
ci-cd/internal/runner/test.go:50.35,54.3 3 1
ci-cd/internal/runner/test.go:56.2,65.14 7 1
ci-cd/internal/runner/test.go:65.14,74.20 6 1
ci-cd/internal/runner/test.go:74.20,76.4 1 1
ci-cd/internal/runner/test.go:79.3,80.55 2 1
ci-cd/internal/runner/test.go:80.55,82.4 1 0
ci-cd/internal/runner/test.go:83.8,83.19 1 1
ci-cd/internal/runner/test.go:83.19,91.20 6 1
ci-cd/internal/runner/test.go:91.20,93.4 1 1
ci-cd/internal/runner/test.go:94.8,99.3 3 1
ci-cd/internal/runner/test.go:101.2,104.40 3 1
ci-cd/internal/runner/test.go:104.40,106.3 1 1
ci-cd/internal/runner/test.go:106.8,106.26 1 1
ci-cd/internal/runner/test.go:106.26,109.3 1 0
ci-cd/internal/runner/test.go:112.2,112.66 1 1
ci-cd/internal/runner/test.go:112.66,114.3 1 0
ci-cd/internal/runner/test.go:116.2,119.17 1 1
ci-cd/internal/runner/test.go:123.85,134.57 6 1
ci-cd/internal/runner/test.go:134.57,135.33 1 0
ci-cd/internal/runner/test.go:135.33,136.110 1 0
ci-cd/internal/runner/test.go:136.110,137.13 1 0
ci-cd/internal/runner/test.go:139.4,140.18 2 0
ci-cd/internal/runner/test.go:140.18,141.13 1 0
ci-cd/internal/runner/test.go:143.4,143.38 1 0
ci-cd/internal/runner/test.go:148.2,149.59 2 1
ci-cd/internal/runner/test.go:149.59,151.3 1 0
ci-cd/internal/runner/test.go:154.2,154.22 1 1
ci-cd/internal/runner/test.go:154.22,156.3 1 0
ci-cd/internal/runner/test.go:158.2,159.47 2 1
ci-cd/internal/runner/test.go:159.47,161.3 1 0
ci-cd/internal/runner/test.go:161.8,161.33 1 1
ci-cd/internal/runner/test.go:161.33,163.3 1 1
ci-cd/internal/runner/test.go:165.2,168.17 1 1
ci-cd/internal/runner/test.go:172.90,183.16 6 1
ci-cd/internal/runner/test.go:183.16,185.3 1 0
ci-cd/internal/runner/test.go:186.2,186.32 1 1
ci-cd/internal/runner/test.go:186.32,187.21 1 1
ci-cd/internal/runner/test.go:187.21,188.12 1 0
ci-cd/internal/runner/test.go:190.3,191.71 2 1
ci-cd/internal/runner/test.go:191.71,192.12 1 0
ci-cd/internal/runner/test.go:194.3,195.61 2 1
ci-cd/internal/runner/test.go:195.61,196.40 1 0
ci-cd/internal/runner/test.go:196.40,197.120 1 0
ci-cd/internal/runner/test.go:197.120,198.14 1 0
ci-cd/internal/runner/test.go:200.5,201.19 2 0
ci-cd/internal/runner/test.go:201.19,202.14 1 0
ci-cd/internal/runner/test.go:204.5,204.39 1 0
ci-cd/internal/runner/test.go:210.2,210.22 1 1
ci-cd/internal/runner/test.go:210.22,212.3 1 0
ci-cd/internal/runner/test.go:214.2,215.47 2 1
ci-cd/internal/runner/test.go:215.47,217.3 1 0
ci-cd/internal/runner/test.go:217.8,217.33 1 1
ci-cd/internal/runner/test.go:217.33,219.3 1 0
ci-cd/internal/runner/test.go:221.2,224.17 1 1
ci-cd/internal/runner/test.go:246.46,248.57 2 1
ci-cd/internal/runner/test.go:248.57,250.3 1 0
ci-cd/internal/runner/test.go:252.2,259.38 2 1
ci-cd/internal/runner/test.go:259.38,260.44 1 1
ci-cd/internal/runner/test.go:260.44,261.28 1 1
ci-cd/internal/runner/test.go:261.28,263.59 2 1
ci-cd/internal/runner/test.go:263.59,265.6 1 0
ci-cd/internal/runner/test.go:266.5,267.35 2 1
ci-cd/internal/runner/test.go:267.35,269.6 1 1
ci-cd/internal/runner/test.go:270.5,272.7 1 1
ci-cd/internal/runner/test.go:277.2,277.15 1 1
ci-cd/internal/runner/test.go:297.44,299.57 2 1
ci-cd/internal/runner/test.go:299.57,301.3 1 0
ci-cd/internal/runner/test.go:303.2,310.38 2 1
ci-cd/internal/runner/test.go:310.38,311.44 1 1
ci-cd/internal/runner/test.go:311.44,312.28 1 1
ci-cd/internal/runner/test.go:312.28,314.59 2 0
ci-cd/internal/runner/test.go:314.59,316.6 1 0
ci-cd/internal/runner/test.go:317.5,318.35 2 0
ci-cd/internal/runner/test.go:318.35,320.6 1 0
ci-cd/internal/runner/test.go:321.5,323.7 1 0
ci-cd/internal/runner/test.go:328.2,328.15 1 1
ci-cd/internal/runner/test.go:352.56,354.49 2 0
ci-cd/internal/runner/test.go:354.49,356.3 1 0
ci-cd/internal/runner/test.go:357.2,361.34 4 0
ci-cd/internal/runner/test.go:361.34,362.43 1 0
ci-cd/internal/runner/test.go:362.43,364.25 2 0
ci-cd/internal/runner/test.go:364.25,366.5 1 0
ci-cd/internal/runner/test.go:366.10,366.30 1 0
ci-cd/internal/runner/test.go:366.30,368.5 1 0
ci-cd/internal/runner/test.go:369.4,371.6 1 0
ci-cd/internal/runner/test.go:387.41,389.48 2 0
ci-cd/internal/runner/test.go:389.48,391.3 1 0
ci-cd/internal/runner/test.go:392.2,392.31 1 0
ci-cd/internal/runner/test.go:392.31,393.23 1 0
ci-cd/internal/runner/test.go:393.23,395.17 2 0
ci-cd/internal/runner/test.go:395.17,398.5 2 0
ci-cd/internal/runner/test.go:401.2,401.11 1 0
ci-cd/internal/runner/test.go:414.47,416.49 2 0
ci-cd/internal/runner/test.go:416.49,418.3 1 0
ci-cd/internal/runner/test.go:419.2,419.49 1 0
ci-cd/internal/runner/test.go:424.50,427.39 2 1
ci-cd/internal/runner/test.go:427.39,429.56 2 1
ci-cd/internal/runner/test.go:429.56,432.19 2 1
ci-cd/internal/runner/test.go:432.19,434.5 1 1
ci-cd/internal/runner/test.go:435.4,435.15 1 0
ci-cd/internal/runner/test.go:438.2,438.11 1 0
ci-cd/internal/runner/test.go:442.56,448.2 1 1
