{"timestamp":"2026-06-22T22:00:18+08:00","level":"warn","message":"🗑️ 已删除 2026-06-22 的审计日志"}
{"timestamp":"2026-06-22T22:00:37+08:00","level":"info","message":"⚙️ [pair-backend] 测试: npx vitest run --reporter=json | npx jest --json --coverage | mvn test -Dmaven.test.failure.ignore=true"}
{"timestamp":"2026-06-22T22:00:39+08:00","level":"info","message":"  🔧 命令: powershell.exe -ExecutionPolicy Bypass -File D:\\IDEA\\Project\\ci-cd\\ci-runner.ps1 -Action test -ProjectPath D:\\IDEA\\Project\\pair-backend -Json"}
{"timestamp":"2026-06-22T22:00:39+08:00","level":"info","message":"✅ [pair-backend] test 通过 (2.1s)"}
{"timestamp":"2026-06-22T22:01:04+08:00","level":"info","message":"⚙️ [pair-backend] 测试: npx vitest run --reporter=json | npx jest --json --coverage | mvn test -Dmaven.test.failure.ignore=true"}
{"timestamp":"2026-06-22T22:01:06+08:00","level":"info","message":"  🔧 命令: powershell.exe -ExecutionPolicy Bypass -File D:\\IDEA\\Project\\ci-cd\\ci-runner.ps1 -Action test -ProjectPath D:\\IDEA\\Project\\pair-backend -Json"}
{"timestamp":"2026-06-22T22:01:06+08:00","level":"info","message":"✅ [pair-backend] test 通过 (2.3s)"}
{"timestamp":"2026-06-22T22:04:48+08:00","level":"info","message":"⚙️ [pair-backend] 测试: npx vitest run --reporter=json | npx jest --json --coverage | mvn test -Dmaven.test.failure.ignore=true"}
{"timestamp":"2026-06-22T22:04:58+08:00","level":"info","message":"  🔧 命令: powershell.exe -ExecutionPolicy Bypass -File D:\\IDEA\\Project\\ci-cd\\ci-runner.ps1 -Action test -ProjectPath D:\\IDEA\\Project\\pair-backend -Json"}
{"timestamp":"2026-06-22T22:04:58+08:00","level":"info","message":"✅ [pair-backend] test 通过 (10.4s)"}
{"timestamp":"2026-06-22T22:07:14+08:00","level":"info","message":"⚙️ [pair-backend] 测试: npx vitest run --reporter=json | npx jest --json --coverage | mvn test -Dmaven.test.failure.ignore=true"}
{"timestamp":"2026-06-22T22:07:16+08:00","level":"info","message":"  🔧 命令: powershell.exe -ExecutionPolicy Bypass -File D:\\IDEA\\Project\\ci-cd\\ci-runner.ps1 -Action test -ProjectPath D:\\IDEA\\Project\\pair-backend -Json"}
{"timestamp":"2026-06-22T22:07:16+08:00","level":"info","message":"✅ [pair-backend] test 通过 (2.3s)"}
{"timestamp":"2026-06-22T22:08:34+08:00","level":"info","message":"⚙️ [pair-backend] 测试: npx vitest run --reporter=json | npx jest --json --coverage | mvn test -Dmaven.test.failure.ignore=true"}
{"timestamp":"2026-06-22T22:08:52+08:00","level":"info","message":"  🔧 命令: powershell.exe -ExecutionPolicy Bypass -File D:\\IDEA\\Project\\ci-cd\\ci-runner.ps1 -Action test -ProjectPath D:\\IDEA\\Project\\pair-backend -Json"}
{"timestamp":"2026-06-22T22:08:52+08:00","level":"info","message":"✅ [pair-backend] test 通过 (18.5s)"}
{"timestamp":"2026-06-22T22:09:42+08:00","level":"info","message":"⚙️ [pair-backend] 构建: npm run build | mvn clean package -DskipTests | mvn clean install -DskipTests"}
{"timestamp":"2026-06-22T22:09:59+08:00","level":"info","message":"  🔧 命令: powershell.exe -ExecutionPolicy Bypass -File D:\\IDEA\\Project\\ci-cd\\ci-runner.ps1 -Action build -ProjectPath D:\\IDEA\\Project\\pair-backend -Json"}
{"timestamp":"2026-06-22T22:09:59+08:00","level":"info","message":"✅ [pair-backend] build 通过 (17.4s)"}
{"timestamp":"2026-06-22T22:10:16+08:00","level":"info","message":"⚙️ [pair-backend] 测试: npx vitest run --reporter=json | npx jest --json --coverage | mvn test -Dmaven.test.failure.ignore=true"}
{"timestamp":"2026-06-22T22:10:35+08:00","level":"info","message":"  🔧 命令: powershell.exe -ExecutionPolicy Bypass -File D:\\IDEA\\Project\\ci-cd\\ci-runner.ps1 -Action test -ProjectPath D:\\IDEA\\Project\\pair-backend -Json"}
{"timestamp":"2026-06-22T22:10:35+08:00","level":"info","message":"✅ [pair-backend] test 通过 (18.6s)"}
{"timestamp":"2026-06-22T22:18:15+08:00","level":"info","message":"🗑️ 已删除报告: test-20260621-125829"}
