{"timestamp":"2026-06-23T10:49:19+08:00","level":"info","message":"▶️ 开始流水线: pair (check → build → test → push → deploy)"}
{"timestamp":"2026-06-23T10:49:19+08:00","level":"info","message":"⚙️ [pair] 检查: npx tsc --noEmit | npx eslint src/ | npx vue-tsc --noEmit | npx eslint -c rules/eslint-vue.mjs src/ | mvn compile -Xlint:all | mvn checkstyle:check -Dcheckstyle.config=rules/checkstyle.xml | mvn compile -Xlint:all"}
{"timestamp":"2026-06-23T10:50:50+08:00","level":"error","message":"❌ [pair] check 失败 (90.8s)"}
{"timestamp":"2026-06-23T10:50:50+08:00","level":"warn","message":"💡 修复建议:"}
{"timestamp":"2026-06-23T10:50:50+08:00","level":"warn","message":"   1. 根据上方错误信息修改对应文件"}
{"timestamp":"2026-06-23T10:50:50+08:00","level":"warn","message":"   2. 修改后重新执行: ci check pair"}
{"timestamp":"2026-06-23T10:50:50+08:00","level":"warn","message":"⏹ 流水线在 检查 步骤终止"}
{"timestamp":"2026-06-23T10:50:50+08:00","level":"warn","message":"⚠️ 流水线未全部通过: pair"}
{"timestamp":"2026-06-23T11:02:51+08:00","level":"info","message":"▶️ 开始流水线: pair (check → build → test → push → deploy)"}
{"timestamp":"2026-06-23T11:02:51+08:00","level":"info","message":"⚙️ [pair] 检查: npx tsc --noEmit | npx eslint src/ | npx vue-tsc --noEmit | npx eslint -c rules/eslint-vue.mjs src/ | mvn compile -Xlint:all | mvn checkstyle:check -Dcheckstyle.config=rules/checkstyle.xml | mvn compile -Xlint:all"}
{"timestamp":"2026-06-23T11:03:04+08:00","level":"error","message":"❌ [pair] check 失败 (13.7s)"}
{"timestamp":"2026-06-23T11:03:04+08:00","level":"error","message":"📋 错误详情（点击该步骤可查看完整日志）:"}
{"timestamp":"2026-06-23T11:03:04+08:00","level":"error","message":"   eslint: "}
{"timestamp":"2026-06-23T11:03:04+08:00","level":"warn","message":"💡 修复建议:"}
{"timestamp":"2026-06-23T11:03:04+08:00","level":"warn","message":"   1. 根据上方错误信息修改对应文件"}
{"timestamp":"2026-06-23T11:03:04+08:00","level":"warn","message":"   2. 修改后重新执行: ci check pair"}
{"timestamp":"2026-06-23T11:03:04+08:00","level":"warn","message":"⏹ 流水线在 检查 步骤终止"}
{"timestamp":"2026-06-23T11:03:04+08:00","level":"warn","message":"⚠️ 流水线未全部通过: pair"}
{"timestamp":"2026-06-23T11:12:11+08:00","level":"info","message":"▶️ 开始流水线: pair (check → build → test → push → deploy)"}
{"timestamp":"2026-06-23T11:12:11+08:00","level":"info","message":"⚙️ [pair] 检查: npx tsc --noEmit | npx eslint src/ | npx vue-tsc --noEmit | npx eslint -c rules/eslint-vue.mjs src/ | mvn compile -Xlint:all | mvn checkstyle:check -Dcheckstyle.config=rules/checkstyle.xml | mvn compile -Xlint:all"}
{"timestamp":"2026-06-23T11:12:26+08:00","level":"error","message":"❌ [pair] check 失败 (14.7s)"}
{"timestamp":"2026-06-23T11:12:26+08:00","level":"error","message":"📋 错误详情（点击该步骤可查看完整日志）:"}
{"timestamp":"2026-06-23T11:12:26+08:00","level":"error","message":"   eslint: D:\\IDEA\\Project\\pair\\src\\App.tsx"}
{"timestamp":"2026-06-23T11:12:26+08:00","level":"error","message":"     83:5  warning  Error: Calling setState synchronously within an effect can trigger cascading renders"}
{"timestamp":"2026-06-23T11:12:26+08:00","level":"error","message":"   Effects are intended to synchronize state between React and external systems such as manually updating the DOM, state management libraries, or other platform APIs. In general, the body of an effect should do one or both of the following:"}
{"timestamp":"2026-06-23T11:12:26+08:00","level":"error","message":"   * Update external systems with the latest state from React."}
{"timestamp":"2026-06-23T11:12:26+08:00","level":"error","message":"   * Subscribe for updates from some external system, calling setState in a callback function when external state changes."}
{"timestamp":"2026-06-23T11:12:26+08:00","level":"error","message":"   D:\\IDEA\\Project\\pair\\src\\App.tsx:83:5"}
{"timestamp":"2026-06-23T11:12:26+08:00","level":"error","message":"   Calling setState synchronously within an effect body causes cascading renders that can hurt performance, and is not recommended. (https://react.dev/learn/you-might-not-need-an-effect)."}
{"timestamp":"2026-06-23T11:12:26+08:00","level":"error","message":"     81 |   // paths (sidebar click, home arc, dir-compare file click, back button, …)."}
{"timestamp":"2026-06-23T11:12:26+08:00","level":"error","message":"     82 |   useEffect(() =\u003e {"}
{"timestamp":"2026-06-23T11:12:26+08:00","level":"error","message":"        |     ^^^^^^^^^^^^^^^ Avoid calling setState() directly within an effect"}
{"timestamp":"2026-06-23T11:12:26+08:00","level":"error","message":"   \u003e 83 |     setVisitedTools(prev =\u003e {"}
{"timestamp":"2026-06-23T11:12:26+08:00","level":"error","message":"     84 |       if (prev.has(activeTool)) return prev;"}
{"timestamp":"2026-06-23T11:12:26+08:00","level":"error","message":"     85 |       const next = new Set(prev);"}
{"timestamp":"2026-06-23T11:12:26+08:00","level":"error","message":"     86 |       next.add(activeTool);  react-hooks/set-state-in-effect"}
{"timestamp":"2026-06-23T11:12:26+08:00","level":"error","message":"   D:\\IDEA\\Project\\pair\\src\\components\\auth\\UserMenu.tsx"}
{"timestamp":"2026-06-23T11:12:26+08:00","level":"error","message":"     19:36  warning  Compilation Skipped: Existing memoization could not be preserved"}
{"timestamp":"2026-06-23T11:12:26+08:00","level":"error","message":"   React Compiler has skipped optimizing this component because the existing manual memoization could not be preserved. The inferred dependencies did not match the manually specified dependencies, which could cause the value to change more or less frequently than expected. The inferred dependency was `user`, but the source dependencies were [user?.referralCode]. Inferred less specific property than source."}
{"timestamp":"2026-06-23T11:12:26+08:00","level":"error","message":"   D:\\IDEA\\Project\\pair\\src\\components\\auth\\UserMenu.tsx:19:36"}
{"timestamp":"2026-06-23T11:12:26+08:00","level":"error","message":"     17 |   const [copied, setCopied] = useState(false);"}
{"timestamp":"2026-06-23T11:12:26+08:00","level":"error","message":"     18 |"}
{"timestamp":"2026-06-23T11:12:26+08:00","level":"error","message":"   \u003e 19 |   const copyReferral = useCallback((e: React.MouseEvent) =\u003e {"}
{"timestamp":"2026-06-23T11:12:26+08:00","level":"error","message":"        |                                    ^^^^^^^^^^^^^^^^^^^^^^^^^^"}
{"timestamp":"2026-06-23T11:12:26+08:00","level":"error","message":"   \u003e 20 |     e.stopPropagat...（已截断）"}
{"timestamp":"2026-06-23T11:12:26+08:00","level":"warn","message":"💡 修复建议:"}
{"timestamp":"2026-06-23T11:12:26+08:00","level":"warn","message":"   1. 根据上方错误信息修改对应文件"}
{"timestamp":"2026-06-23T11:12:26+08:00","level":"warn","message":"   2. 修改后重新执行: ci check pair"}
{"timestamp":"2026-06-23T11:12:26+08:00","level":"warn","message":"⏹ 流水线在 检查 步骤终止"}
{"timestamp":"2026-06-23T11:12:26+08:00","level":"warn","message":"⚠️ 流水线未全部通过: pair"}
{"timestamp":"2026-06-23T11:13:17+08:00","level":"info","message":"▶️ 开始流水线: pair-backend (check → build → test → push → deploy)"}
{"timestamp":"2026-06-23T11:13:17+08:00","level":"info","message":"⚙️ [pair-backend] 检查: npx tsc --noEmit | npx eslint src/ | npx vue-tsc --noEmit | npx eslint -c rules/eslint-vue.mjs src/ | mvn compile -Xlint:all | mvn checkstyle:check -Dcheckstyle.config=rules/checkstyle.xml | mvn compile -Xlint:all"}
{"timestamp":"2026-06-23T11:14:05+08:00","level":"info","message":"  🔧 命令: check"}
{"timestamp":"2026-06-23T11:14:05+08:00","level":"info","message":"✅ [pair-backend] check 通过 (48.3s)"}
{"timestamp":"2026-06-23T11:14:05+08:00","level":"info","message":"⚙️ [pair-backend] 构建: npm run build | mvn clean package -DskipTests | mvn clean install -DskipTests"}
{"timestamp":"2026-06-23T11:14:47+08:00","level":"info","message":"  🔧 命令: build"}
{"timestamp":"2026-06-23T11:14:47+08:00","level":"info","message":"✅ [pair-backend] build 通过 (41.6s)"}
{"timestamp":"2026-06-23T11:14:47+08:00","level":"info","message":"⚙️ [pair-backend] 测试: npx vitest run --reporter=json | npx jest --json --coverage | mvn test -Dmaven.test.failure.ignore=true"}
{"timestamp":"2026-06-23T11:15:10+08:00","level":"info","message":"  🔧 命令: test"}
{"timestamp":"2026-06-23T11:15:10+08:00","level":"info","message":"✅ [pair-backend] test 通过 (22.9s)"}
{"timestamp":"2026-06-23T11:15:10+08:00","level":"info","message":"⚙️ [pair-backend] 推送: git push --all"}
{"timestamp":"2026-06-23T11:15:15+08:00","level":"info","message":"✅ [pair-backend] push 通过 (5.0s)"}
{"timestamp":"2026-06-23T11:15:15+08:00","level":"info","message":"⚙️ [pair-backend] 部署: SFTP 上传 dist/ → $remote_dir/ | SFTP 上传 target/*.jar → $remote_dir/ | SFTP 上传各子模块 jar → $remote_dir/services/"}
{"timestamp":"2026-06-23T11:15:16+08:00","level":"error","message":"❌ [pair-backend] deploy 失败 (1.4s)"}
{"timestamp":"2026-06-23T11:15:16+08:00","level":"error","message":"📋 错误详情（点击该步骤可查看完整日志）:"}
{"timestamp":"2026-06-23T11:15:16+08:00","level":"error","message":"   创建远程文件 /opt/pair-backend/resume-backend-1.0.0.jar 失败: file does not exist"}
{"timestamp":"2026-06-23T11:15:16+08:00","level":"warn","message":"📋 诊断信息:"}
{"timestamp":"2026-06-23T11:15:16+08:00","level":"warn","message":"   Step 1: ping → 检查服务器是否在线"}
{"timestamp":"2026-06-23T11:15:16+08:00","level":"warn","message":"   Step 2: DNS → 检查主机名解析"}
{"timestamp":"2026-06-23T11:15:16+08:00","level":"warn","message":"   Step 3: SSH → 检查端口和认证"}
{"timestamp":"2026-06-23T11:15:16+08:00","level":"warn","message":"💡 可能原因:"}
{"timestamp":"2026-06-23T11:15:16+08:00","level":"warn","message":"   1. 目标服务器未开机"}
{"timestamp":"2026-06-23T11:15:16+08:00","level":"warn","message":"   2. SSH 服务未启动"}
{"timestamp":"2026-06-23T11:15:16+08:00","level":"warn","message":"   3. 认证方式不匹配（推荐使用 SSH 密钥）"}
{"timestamp":"2026-06-23T11:15:16+08:00","level":"warn","message":"⏹ 流水线在 部署 步骤终止"}
{"timestamp":"2026-06-23T11:15:16+08:00","level":"warn","message":"⚠️ 流水线未全部通过: pair-backend"}
{"timestamp":"2026-06-23T12:37:00+08:00","level":"info","message":"⚙️ [pair] 检查: npx tsc --noEmit | npx eslint src/ | npx vue-tsc --noEmit | npx eslint -c rules/eslint-vue.mjs src/ | mvn compile -Xlint:all | mvn checkstyle:check -Dcheckstyle.config=rules/checkstyle.xml | mvn compile -Xlint:all"}
{"timestamp":"2026-06-23T12:37:14+08:00","level":"error","message":"❌ [pair] check 失败 (14.5s)"}
{"timestamp":"2026-06-23T12:37:14+08:00","level":"error","message":"📋 错误详情（点击该步骤可查看完整日志）:"}
{"timestamp":"2026-06-23T12:37:14+08:00","level":"error","message":"   eslint: D:\\IDEA\\Project\\pair\\src\\App.tsx"}
{"timestamp":"2026-06-23T12:37:14+08:00","level":"error","message":"     83:3  warning  Unused eslint-disable directive (no problems were reported from 'react-hooks/set-state-in-effect')"}
{"timestamp":"2026-06-23T12:37:14+08:00","level":"error","message":"     85:5  warning  Error: Calling setState synchronously within an effect can trigger cascading renders"}
{"timestamp":"2026-06-23T12:37:14+08:00","level":"error","message":"   Effects are intended to synchronize state between React and external systems such as manually updating the DOM, state management libraries, or other platform APIs. In general, the body of an effect should do one or both of the following:"}
{"timestamp":"2026-06-23T12:37:14+08:00","level":"error","message":"   * Update external systems with the latest state from React."}
{"timestamp":"2026-06-23T12:37:14+08:00","level":"error","message":"   * Subscribe for updates from some external system, calling setState in a callback function when external state changes."}
{"timestamp":"2026-06-23T12:37:14+08:00","level":"error","message":"   Calling setState synchronously within an effect body causes cascading renders that can hurt performance, and is not recommended. (https://react.dev/learn/you-might-not-need-an-effect)."}
{"timestamp":"2026-06-23T12:37:14+08:00","level":"error","message":"   D:\\IDEA\\Project\\pair\\src\\App.tsx:85:5"}
{"timestamp":"2026-06-23T12:37:14+08:00","level":"error","message":"     83 |   // eslint-disable-next-line react-hooks/set-state-in-effect"}
{"timestamp":"2026-06-23T12:37:14+08:00","level":"error","message":"     84 |   useEffect(() =\u003e {"}
{"timestamp":"2026-06-23T12:37:14+08:00","level":"error","message":"   \u003e 85 |     setVisitedTools(prev =\u003e {"}
{"timestamp":"2026-06-23T12:37:14+08:00","level":"error","message":"        |     ^^^^^^^^^^^^^^^ Avoid calling setState() directly within an effect"}
{"timestamp":"2026-06-23T12:37:14+08:00","level":"error","message":"     86 |       if (prev.has(activeTool)) return prev;"}
{"timestamp":"2026-06-23T12:37:14+08:00","level":"error","message":"     87 |       const next = new Set(prev);"}
{"timestamp":"2026-06-23T12:37:14+08:00","level":"error","message":"     88 |       next.add(activeTool);  react-hooks/set-state-in-effect"}
{"timestamp":"2026-06-23T12:37:14+08:00","level":"error","message":"   D:\\IDEA\\Project\\pair\\src\\components\\dir-compare\\DirCompare.tsx"}
{"timestamp":"2026-06-23T12:37:14+08:00","level":"error","message":"     171:9  warning  The 'handleCompare' function makes the dependencies of useMemo Hook (at line 614) change on every render. Move it inside the useMemo callback. Alternatively, wrap the definition of 'handleCompare' in its own useCallback() Hook  react-hooks/exhaustive-deps"}
{"timestamp":"2026-06-23T12:37:14+08:00","level":"error","message":"     262:9  warning  The 'handleClear' function makes the dependencies of useMemo Hook (at line 614) change on every render. Move it inside the useMemo callback. Alternatively, wrap the definition of 'handleClear' in its own useCallback() Hook      react-hooks/exhaustive-deps"}
{"timestamp":"2026-06-23T12:37:14+08:00","level":"error","message":"     273:9  warning  The 'handleSwap' function makes the dependencies of useMemo Hook (at line 614) change on every render. ...（已截断）"}
{"timestamp":"2026-06-23T12:37:14+08:00","level":"warn","message":"💡 修复建议:"}
{"timestamp":"2026-06-23T12:37:14+08:00","level":"warn","message":"   1. 根据上方错误信息修改对应文件"}
{"timestamp":"2026-06-23T12:37:14+08:00","level":"warn","message":"   2. 修改后重新执行: ci check pair"}
{"timestamp":"2026-06-23T12:40:58+08:00","level":"info","message":"⚙️ [pair] 检查: npx tsc --noEmit | npx eslint src/ | npx vue-tsc --noEmit | npx eslint -c rules/eslint-vue.mjs src/ | mvn compile -Xlint:all | mvn checkstyle:check -Dcheckstyle.config=rules/checkstyle.xml | mvn compile -Xlint:all"}
{"timestamp":"2026-06-23T12:41:12+08:00","level":"error","message":"❌ [pair] check 失败 (14.3s)"}
{"timestamp":"2026-06-23T12:41:12+08:00","level":"error","message":"📋 错误详情（点击该步骤可查看完整日志）:"}
{"timestamp":"2026-06-23T12:41:12+08:00","level":"error","message":"     171:9  warning  The 'handleCompare' function makes the dependencies of useMemo Hook (at line 614) change on every render. Move it inside the useMemo callback. Alternatively, wrap the definition of 'handleCompare' in its own useCallback() Hook  react-hooks/exhaustive-deps"}
{"timestamp":"2026-06-23T12:41:12+08:00","level":"error","message":"   eslint: D:\\IDEA\\Project\\pair\\src\\components\\dir-compare\\DirCompare.tsx"}
{"timestamp":"2026-06-23T12:41:12+08:00","level":"error","message":"     262:9  warning  The 'handleClear' function makes the dependencies of useMemo Hook (at line 614) change on every render. Move it inside the useMemo callback. Alternatively, wrap the definition of 'handleClear' in its own useCallback() Hook      react-hooks/exhaustive-deps"}
{"timestamp":"2026-06-23T12:41:12+08:00","level":"error","message":"     273:9  warning  The 'handleSwap' function makes the dependencies of useMemo Hook (at line 614) change on every render. To fix this, wrap the definition of 'handleSwap' in its own useCallback() Hook                                               react-hooks/exhaustive-deps"}
{"timestamp":"2026-06-23T12:41:12+08:00","level":"error","message":"     579:6  warning  React Hook useMemo has a missing dependency: 'handleBreadcrumbJump'. Either include it or remove the dependency array                                                                                                               react-hooks/exhaustive-deps"}
{"timestamp":"2026-06-23T12:41:12+08:00","level":"error","message":"   D:\\IDEA\\Project\\pair\\src\\components\\home\\Home.tsx"}
{"timestamp":"2026-06-23T12:41:12+08:00","level":"error","message":"     198:3  warning  Error: Cannot access refs during render"}
{"timestamp":"2026-06-23T12:41:12+08:00","level":"error","message":"   React refs are values that are not needed for rendering. Refs should only be accessed outside of render, such as in event handlers or effects. Accessing a ref value (the `current` property) during render can cause your component not to update as expected (https://react.dev/reference/react/useRef)."}
{"timestamp":"2026-06-23T12:41:12+08:00","level":"error","message":"   D:\\IDEA\\Project\\pair\\src\\components\\home\\Home.tsx:198:3"}
{"timestamp":"2026-06-23T12:41:12+08:00","level":"error","message":"     196 |   const angleStep = ANGLE_RANGE / Math.max(visibleTools.length, 1);"}
{"timestamp":"2026-06-23T12:41:12+08:00","level":"error","message":"     197 |   const angleStepRef = useRef(angleStep);"}
{"timestamp":"2026-06-23T12:41:12+08:00","level":"error","message":"   \u003e 198 |   angleStepRef.current = angleStep;"}
{"timestamp":"2026-06-23T12:41:12+08:00","level":"error","message":"         |   ^^^^^^^^^^^^^^^^^^^^ Cannot update ref during render"}
{"timestamp":"2026-06-23T12:41:12+08:00","level":"error","message":"     199 |"}
{"timestamp":"2026-06-23T12:41:12+08:00","level":"error","message":"     200 |   /* ── Mouse spotlight ── */"}
{"timestamp":"2026-06-23T12:41:12+08:00","level":"error","message":"     201 |   const handleMouseMove = useCallback((e: React.MouseEvent) =\u003e {  react-hooks/re...（已截断）"}
{"timestamp":"2026-06-23T12:41:12+08:00","level":"warn","message":"💡 修复建议:"}
{"timestamp":"2026-06-23T12:41:12+08:00","level":"warn","message":"   1. 根据上方错误信息修改对应文件"}
{"timestamp":"2026-06-23T12:41:12+08:00","level":"warn","message":"   2. 修改后重新执行: ci check pair"}
{"timestamp":"2026-06-23T12:43:19+08:00","level":"info","message":"⚙️ [pair] 检查: npx tsc --noEmit | npx eslint src/ | npx vue-tsc --noEmit | npx eslint -c rules/eslint-vue.mjs src/ | mvn compile -Xlint:all | mvn checkstyle:check -Dcheckstyle.config=rules/checkstyle.xml | mvn compile -Xlint:all"}
{"timestamp":"2026-06-23T12:43:33+08:00","level":"error","message":"❌ [pair] check 失败 (13.9s)"}
{"timestamp":"2026-06-23T12:43:33+08:00","level":"error","message":"📋 错误详情（点击该步骤可查看完整日志）:"}
{"timestamp":"2026-06-23T12:43:33+08:00","level":"error","message":"   eslint: D:\\IDEA\\Project\\pair\\src\\components\\dir-compare\\DirCompare.tsx"}
{"timestamp":"2026-06-23T12:43:33+08:00","level":"error","message":"     171:9  warning  The 'handleCompare' function makes the dependencies of useMemo Hook (at line 614) change on every render. Move it inside the useMemo callback. Alternatively, wrap the definition of 'handleCompare' in its own useCallback() Hook  react-hooks/exhaustive-deps"}
{"timestamp":"2026-06-23T12:43:33+08:00","level":"error","message":"     262:9  warning  The 'handleClear' function makes the dependencies of useMemo Hook (at line 614) change on every render. Move it inside the useMemo callback. Alternatively, wrap the definition of 'handleClear' in its own useCallback() Hook      react-hooks/exhaustive-deps"}
{"timestamp":"2026-06-23T12:43:33+08:00","level":"error","message":"     273:9  warning  The 'handleSwap' function makes the dependencies of useMemo Hook (at line 614) change on every render. To fix this, wrap the definition of 'handleSwap' in its own useCallback() Hook                                               react-hooks/exhaustive-deps"}
{"timestamp":"2026-06-23T12:43:33+08:00","level":"error","message":"     579:6  warning  React Hook useMemo has a missing dependency: 'handleBreadcrumbJump'. Either include it or remove the dependency array                                                                                                               react-hooks/exhaustive-deps"}
{"timestamp":"2026-06-23T12:43:33+08:00","level":"error","message":"   D:\\IDEA\\Project\\pair\\src\\components\\home\\Home.tsx"}
{"timestamp":"2026-06-23T12:43:33+08:00","level":"error","message":"     198:3  warning  Error: Cannot access refs during render"}
{"timestamp":"2026-06-23T12:43:33+08:00","level":"error","message":"   React refs are values that are not needed for rendering. Refs should only be accessed outside of render, such as in event handlers or effects. Accessing a ref value (the `current` property) during render can cause your component not to update as expected (https://react.dev/reference/react/useRef)."}
{"timestamp":"2026-06-23T12:43:33+08:00","level":"error","message":"   D:\\IDEA\\Project\\pair\\src\\components\\home\\Home.tsx:198:3"}
{"timestamp":"2026-06-23T12:43:33+08:00","level":"error","message":"     196 |   const angleStep = ANGLE_RANGE / Math.max(visibleTools.length, 1);"}
{"timestamp":"2026-06-23T12:43:33+08:00","level":"error","message":"     197 |   const angleStepRef = useRef(angleStep);"}
{"timestamp":"2026-06-23T12:43:33+08:00","level":"error","message":"   \u003e 198 |   angleStepRef.current = angleStep;"}
{"timestamp":"2026-06-23T12:43:33+08:00","level":"error","message":"         |   ^^^^^^^^^^^^^^^^^^^^ Cannot update ref during render"}
{"timestamp":"2026-06-23T12:43:33+08:00","level":"error","message":"     199 |"}
{"timestamp":"2026-06-23T12:43:33+08:00","level":"error","message":"     200 |   /* ── Mouse spotlight ── */"}
{"timestamp":"2026-06-23T12:43:33+08:00","level":"error","message":"     201 |   const handleMouseMove = useCallback((e: React.MouseEvent) =\u003e {  react-hooks/re...（已截断）"}
{"timestamp":"2026-06-23T12:43:33+08:00","level":"warn","message":"💡 修复建议:"}
{"timestamp":"2026-06-23T12:43:33+08:00","level":"warn","message":"   1. 根据上方错误信息修改对应文件"}
{"timestamp":"2026-06-23T12:43:33+08:00","level":"warn","message":"   2. 修改后重新执行: ci check pair"}
{"timestamp":"2026-06-23T14:23:39+08:00","level":"info","message":"⚙️ [pair] 检查: npx tsc --noEmit | npx eslint src/ | npx vue-tsc --noEmit | npx eslint -c rules/eslint-vue.mjs src/ | mvn compile -Xlint:all | mvn checkstyle:check -Dcheckstyle.config=rules/checkstyle.xml | mvn compile -Xlint:all"}
{"timestamp":"2026-06-23T14:23:52+08:00","level":"info","message":"  🔧 命令: check"}
{"timestamp":"2026-06-23T14:23:52+08:00","level":"info","message":"✅ [pair] check 通过 (13.0s)"}
{"timestamp":"2026-06-23T15:09:06+08:00","level":"info","message":"🔌 连接 pair-backend..."}
{"timestamp":"2026-06-23T15:09:14+08:00","level":"info","message":"▶️ 开始流水线: pair-backend (check → build → test → push → deploy)"}
{"timestamp":"2026-06-23T15:09:15+08:00","level":"info","message":"⚙️ [pair-backend] 检查: npx tsc --noEmit | npx eslint src/ | npx vue-tsc --noEmit | npx eslint -c rules/eslint-vue.mjs src/ | mvn compile -Xlint:all | mvn checkstyle:check -Dcheckstyle.config=rules/checkstyle.xml | mvn compile -Xlint:all"}
{"timestamp":"2026-06-23T15:09:25+08:00","level":"info","message":"✅ [pair-backend] check 通过 (10.8s)"}
{"timestamp":"2026-06-23T15:09:25+08:00","level":"info","message":"⚙️ [pair-backend] 构建: npm run build | mvn clean package -DskipTests | mvn clean install -DskipTests"}
{"timestamp":"2026-06-23T15:09:47+08:00","level":"info","message":"✅ [pair-backend] build 通过 (21.8s)"}
{"timestamp":"2026-06-23T15:09:47+08:00","level":"info","message":"⚙️ [pair-backend] 测试: npx vitest run --reporter=json | npx jest --json --coverage | mvn test -Dmaven.test.failure.ignore=true"}
{"timestamp":"2026-06-23T15:10:08+08:00","level":"info","message":"✅ [pair-backend] test 通过 (21.0s)"}
{"timestamp":"2026-06-23T15:10:08+08:00","level":"info","message":"⚙️ [pair-backend] 推送: git push --all"}
{"timestamp":"2026-06-23T15:10:12+08:00","level":"info","message":"✅ [pair-backend] push 通过 (3.9s)"}
{"timestamp":"2026-06-23T15:10:12+08:00","level":"info","message":"⚙️ [pair-backend] 部署: SFTP 上传 dist/ → $remote_dir/ | SFTP 上传 target/*.jar → $remote_dir/ | SFTP 上传各子模块 jar → $remote_dir/services/"}
{"timestamp":"2026-06-23T15:10:13+08:00","level":"error","message":"❌ [pair-backend] deploy 失败 (0.7s)"}
{"timestamp":"2026-06-23T15:10:13+08:00","level":"error","message":"📋 错误详情（点击该步骤可查看完整日志）:"}
{"timestamp":"2026-06-23T15:10:13+08:00","level":"error","message":"   创建远程文件 /opt/pair-backend/resume-backend-1.0.0.jar 失败: file does not exist"}
{"timestamp":"2026-06-23T15:10:13+08:00","level":"warn","message":"⏹ 流水线在 部署 步骤终止"}
{"timestamp":"2026-06-23T15:10:13+08:00","level":"warn","message":"⚠️ 流水线未全部通过: pair-backend"}
{"timestamp":"2026-06-23T17:20:27+08:00","level":"info","message":"🌐 自动流水线: 已开启"}
{"timestamp":"2026-06-23T17:20:31+08:00","level":"info","message":"⚙️ [pair-backend] 检查: npx tsc --noEmit | npx eslint src/ | npx vue-tsc --noEmit | npx eslint -c rules/eslint-vue.mjs src/ | mvn compile -Xlint:all | mvn checkstyle:check -Dcheckstyle.config=rules/checkstyle.xml | mvn compile -Xlint:all"}
{"timestamp":"2026-06-23T17:20:39+08:00","level":"info","message":"✅ [pair-backend] check 通过 (8.5s)"}
{"timestamp":"2026-06-23T17:20:39+08:00","level":"info","message":"🔄 自动流水线: 检查 ✅ → 继续 构建..."}
{"timestamp":"2026-06-23T17:20:40+08:00","level":"info","message":"⚙️ [pair-backend] 构建: npm run build | mvn clean package -DskipTests | mvn clean install -DskipTests"}
{"timestamp":"2026-06-23T17:21:00+08:00","level":"info","message":"✅ [pair-backend] build 通过 (20.7s)"}
{"timestamp":"2026-06-23T17:21:00+08:00","level":"info","message":"🔄 自动流水线: 构建 ✅ → 继续 测试..."}
{"timestamp":"2026-06-23T17:21:01+08:00","level":"info","message":"⚙️ [pair-backend] 测试: npx vitest run --reporter=json | npx jest --json --coverage | mvn test -Dmaven.test.failure.ignore=true"}
{"timestamp":"2026-06-23T17:21:20+08:00","level":"info","message":"✅ [pair-backend] test 通过 (19.1s)"}
{"timestamp":"2026-06-23T17:21:21+08:00","level":"info","message":"🔄 自动流水线: 测试 ✅ → 继续 推送..."}
{"timestamp":"2026-06-23T17:21:22+08:00","level":"info","message":"⚙️ [pair-backend] 推送: git push --all"}
{"timestamp":"2026-06-23T17:21:26+08:00","level":"info","message":"✅ [pair-backend] push 通过 (3.8s)"}
{"timestamp":"2026-06-23T17:21:26+08:00","level":"info","message":"🔄 自动流水线: 推送 ✅ → 继续 部署..."}
{"timestamp":"2026-06-23T17:21:27+08:00","level":"info","message":"⚙️ [pair-backend] 部署: SFTP 上传 dist/ → $remote_dir/ | SFTP 上传 target/*.jar → $remote_dir/ | SFTP 上传各子模块 jar → $remote_dir/services/"}
{"timestamp":"2026-06-23T17:21:28+08:00","level":"error","message":"❌ [pair-backend] deploy 失败 (0.5s)"}
{"timestamp":"2026-06-23T17:21:28+08:00","level":"error","message":"📋 错误详情（点击该步骤可查看完整日志）:"}
{"timestamp":"2026-06-23T17:21:28+08:00","level":"error","message":"   创建远程文件 /opt/pair-backend/resume-backend-1.0.0.jar 失败: file does not exist"}
{"timestamp":"2026-06-23T17:22:22+08:00","level":"info","message":"🌐 自动流水线: 已关闭"}
{"timestamp":"2026-06-23T17:22:24+08:00","level":"info","message":"⚡ 并发执行: 已开启（多项目同时执行）"}
{"timestamp":"2026-06-23T17:22:28+08:00","level":"info","message":"🔷 [pair] 开始流水线 (check → build → test → push → deploy)"}
{"timestamp":"2026-06-23T17:22:28+08:00","level":"info","message":"⏯ 开始全链路流水线..."}
{"timestamp":"2026-06-23T17:22:28+08:00","level":"info","message":"⚙️ [pair] 检查: npx tsc --noEmit | npx eslint src/ | npx vue-tsc --noEmit | npx eslint -c rules/eslint-vue.mjs src/ | mvn compile -Xlint:all | mvn checkstyle:check -Dcheckstyle.config=rules/checkstyle.xml | mvn compile -Xlint:all"}
{"timestamp":"2026-06-23T17:22:28+08:00","level":"info","message":"🔷 [pair-backend] 开始流水线 (check → build → test → push → deploy)"}
{"timestamp":"2026-06-23T17:22:28+08:00","level":"info","message":"⚙️ [pair-backend] 检查: npx tsc --noEmit | npx eslint src/ | npx vue-tsc --noEmit | npx eslint -c rules/eslint-vue.mjs src/ | mvn compile -Xlint:all | mvn checkstyle:check -Dcheckstyle.config=rules/checkstyle.xml | mvn compile -Xlint:all"}
{"timestamp":"2026-06-23T17:22:28+08:00","level":"info","message":"✅ [pair-backend] check 通过 (0.0s)"}
{"timestamp":"2026-06-23T17:22:33+08:00","level":"info","message":"⏯ 开始全链路流水线..."}
{"timestamp":"2026-06-23T17:22:33+08:00","level":"info","message":"🔷 [pair] 开始流水线 (check → build → test → push → deploy)"}
{"timestamp":"2026-06-23T17:22:33+08:00","level":"info","message":"⚙️ [pair] 检查: npx tsc --noEmit | npx eslint src/ | npx vue-tsc --noEmit | npx eslint -c rules/eslint-vue.mjs src/ | mvn compile -Xlint:all | mvn checkstyle:check -Dcheckstyle.config=rules/checkstyle.xml | mvn compile -Xlint:all"}
{"timestamp":"2026-06-23T17:22:33+08:00","level":"info","message":"🔷 [pair-backend] 开始流水线 (check → build → test → push → deploy)"}
{"timestamp":"2026-06-23T17:22:33+08:00","level":"info","message":"⚙️ [pair-backend] 检查: npx tsc --noEmit | npx eslint src/ | npx vue-tsc --noEmit | npx eslint -c rules/eslint-vue.mjs src/ | mvn compile -Xlint:all | mvn checkstyle:check -Dcheckstyle.config=rules/checkstyle.xml | mvn compile -Xlint:all"}
{"timestamp":"2026-06-23T17:22:33+08:00","level":"info","message":"✅ [pair-backend] check 通过 (0.0s)"}
{"timestamp":"2026-06-23T17:22:37+08:00","level":"info","message":"⚙️ [pair-backend] 检查: npx tsc --noEmit | npx eslint src/ | npx vue-tsc --noEmit | npx eslint -c rules/eslint-vue.mjs src/ | mvn compile -Xlint:all | mvn checkstyle:check -Dcheckstyle.config=rules/checkstyle.xml | mvn compile -Xlint:all"}
{"timestamp":"2026-06-23T17:22:37+08:00","level":"info","message":"✅ [pair-backend] check 通过 (0.0s)"}
{"timestamp":"2026-06-23T17:22:41+08:00","level":"info","message":"✅ [pair] check 通过 (13.4s)"}
{"timestamp":"2026-06-23T17:22:41+08:00","level":"info","message":"✅ 全链路流水线执行完毕"}
{"timestamp":"2026-06-23T17:22:41+08:00","level":"info","message":"✅ [pair] check 通过 (8.2s)"}
{"timestamp":"2026-06-23T17:22:41+08:00","level":"info","message":"✅ 全链路流水线执行完毕"}
{"timestamp":"2026-06-23T17:27:12+08:00","level":"info","message":"⚙️ [pair-backend] 构建: npm run build | mvn clean package -DskipTests | mvn clean install -DskipTests"}
{"timestamp":"2026-06-23T17:27:12+08:00","level":"info","message":"✅ [pair-backend] build 通过 (0.0s)"}
{"timestamp":"2026-06-23T17:27:26+08:00","level":"info","message":"🌐 自动流水线: 已开启"}
{"timestamp":"2026-06-23T17:27:30+08:00","level":"info","message":"⚙️ [pair-backend] 检查: npx tsc --noEmit | npx eslint src/ | npx vue-tsc --noEmit | npx eslint -c rules/eslint-vue.mjs src/ | mvn compile -Xlint:all | mvn checkstyle:check -Dcheckstyle.config=rules/checkstyle.xml | mvn compile -Xlint:all"}
{"timestamp":"2026-06-23T17:27:30+08:00","level":"info","message":"✅ [pair-backend] check 通过 (0.0s)"}
{"timestamp":"2026-06-23T17:27:30+08:00","level":"info","message":"🔄 自动流水线: 检查 ✅ → 继续 构建..."}
{"timestamp":"2026-06-23T17:27:30+08:00","level":"info","message":"⚙️ [pair-backend] 构建: npm run build | mvn clean package -DskipTests | mvn clean install -DskipTests"}
{"timestamp":"2026-06-23T17:27:30+08:00","level":"info","message":"✅ [pair-backend] build 通过 (0.0s)"}
{"timestamp":"2026-06-23T17:27:30+08:00","level":"info","message":"🔄 自动流水线: 构建 ✅ → 继续 测试..."}
{"timestamp":"2026-06-23T17:27:31+08:00","level":"info","message":"⚙️ [pair-backend] 测试: npx vitest run --reporter=json | npx jest --json --coverage | mvn test -Dmaven.test.failure.ignore=true"}
{"timestamp":"2026-06-23T17:27:36+08:00","level":"warn","message":"⏭ [pair-backend] 检查 正在执行中，请等待完成"}
{"timestamp":"2026-06-23T17:27:37+08:00","level":"warn","message":"⏭ [pair-backend] 检查 正在执行中，请等待完成"}
{"timestamp":"2026-06-23T17:27:51+08:00","level":"info","message":"✅ [pair-backend] test 通过 (20.8s)"}
{"timestamp":"2026-06-23T17:27:52+08:00","level":"info","message":"🔄 自动流水线: 测试 ✅ → 继续 推送..."}
{"timestamp":"2026-06-23T17:27:52+08:00","level":"info","message":"⚙️ [pair-backend] 推送: git push --all"}
{"timestamp":"2026-06-23T17:27:56+08:00","level":"info","message":"✅ [pair-backend] push 通过 (4.0s)"}
{"timestamp":"2026-06-23T17:27:56+08:00","level":"info","message":"🔄 自动流水线: 推送 ✅ → 继续 部署..."}
{"timestamp":"2026-06-23T17:27:56+08:00","level":"info","message":"⚙️ [pair-backend] 部署: SFTP 上传 dist/ → $remote_dir/ | SFTP 上传 target/*.jar → $remote_dir/ | SFTP 上传各子模块 jar → $remote_dir/services/"}
{"timestamp":"2026-06-23T17:27:56+08:00","level":"error","message":"❌ [pair-backend] deploy 失败 (0.5s)"}
{"timestamp":"2026-06-23T17:27:56+08:00","level":"error","message":"📋 错误详情（点击该步骤可查看完整日志）:"}
{"timestamp":"2026-06-23T17:27:56+08:00","level":"error","message":"   创建远程文件 /opt/pair-backend/resume-backend-1.0.0.jar 失败: file does not exist"}
{"timestamp":"2026-06-23T17:56:37+08:00","level":"info","message":"⚙️ [pair] 构建: npm run build | mvn clean package -DskipTests | mvn clean install -DskipTests"}
{"timestamp":"2026-06-23T17:56:37+08:00","level":"info","message":"▶️ 续跑流水线: pair (从 构建 继续)"}
{"timestamp":"2026-06-23T17:56:41+08:00","level":"warn","message":"⏹ [pair] 流水线暂停中，当前步骤完成后停止"}
{"timestamp":"2026-06-23T17:57:19+08:00","level":"info","message":"📁 已打开: D:/IDEA/Project/pair/dist"}
{"timestamp":"2026-06-23T17:57:29+08:00","level":"info","message":"📁 已打开: D:/IDEA/Project/pair-backend/target"}
{"timestamp":"2026-06-23T17:57:33+08:00","level":"error","message":"❌ [pair] build 失败 (56.4s)"}
{"timestamp":"2026-06-23T17:57:33+08:00","level":"warn","message":"⏹ 流水线在 构建 步骤终止"}
{"timestamp":"2026-06-23T17:57:33+08:00","level":"warn","message":"⚠️ 流水线未全部通过: pair"}
{"timestamp":"2026-06-23T17:57:50+08:00","level":"info","message":"⚙️ [pair] 构建: npm run build | mvn clean package -DskipTests | mvn clean install -DskipTests"}
{"timestamp":"2026-06-23T17:58:04+08:00","level":"error","message":"❌ [pair] build 失败 (13.7s)"}
{"timestamp":"2026-06-23T18:02:20+08:00","level":"info","message":"⚙️ [pair] 构建: npm run build | mvn clean package -DskipTests | mvn clean install -DskipTests"}
{"timestamp":"2026-06-23T18:02:34+08:00","level":"error","message":"❌ [pair] build 失败 (13.7s)"}
{"timestamp":"2026-06-23T18:06:17+08:00","level":"info","message":"⚙️ [pair] 构建: npm run build | mvn clean package -DskipTests | mvn clean install -DskipTests"}
{"timestamp":"2026-06-23T18:06:30+08:00","level":"error","message":"❌ [pair] build 失败 (13.0s)"}
{"timestamp":"2026-06-23T18:06:30+08:00","level":"error","message":"📋 错误详情（点击该步骤可查看完整日志）:"}
{"timestamp":"2026-06-23T18:06:30+08:00","level":"error","message":"   build: \u003e my-app@0.0.0 build"}
{"timestamp":"2026-06-23T18:06:30+08:00","level":"error","message":"   \u003e tsc -b \u0026\u0026 vite build"}
{"timestamp":"2026-06-23T18:06:30+08:00","level":"error","message":"   src/test/components/resizable.test.tsx(8,28): error TS2322: Type '{ children: Element[]; direction: string; }' is not assignable to type 'IntrinsicAttributes \u0026 HTMLAttributes\u003cHTMLDivElement\u003e \u0026 { children?: ReactNode; className?: string | undefined; ... 8 more ...; style?: CSSProperties | undefined; }'.\r"}
{"timestamp":"2026-06-23T18:06:30+08:00","level":"error","message":"     Property 'direction' does not exist on type 'IntrinsicAttributes \u0026 HTMLAttributes\u003cHTMLDivElement\u003e \u0026 { children?: ReactNode; className?: string | undefined; ... 8 more ...; style?: CSSProperties | undefined; }'.\r"}
{"timestamp":"2026-06-23T18:06:30+08:00","level":"error","message":"   src/test/components/separator.test.tsx(2,18): error TS6133: 'screen' is declared but its value is never read.\r"}
{"timestamp":"2026-06-23T18:06:30+08:00","level":"error","message":"   src/test/components/skeleton.test.tsx(2,18): error TS6133: 'screen' is declared but its value is never read.\r"}
{"timestamp":"2026-06-23T18:06:30+08:00","level":"error","message":"   src/test/components/spinner.test.tsx(2,18): error TS6133: 'screen' is declared but its value is never read.\r"}
{"timestamp":"2026-06-23T18:06:30+08:00","level":"error","message":"   src/test/components/spinner.test.tsx(12,43): error TS2322: Type '{ size: string; }' is not assignable to type 'IntrinsicAttributes \u0026 SVGProps\u003cSVGSVGElement\u003e'.\r"}
{"timestamp":"2026-06-23T18:06:30+08:00","level":"error","message":"     Property 'size' does not exist on type 'IntrinsicAttributes \u0026 SVGProps\u003cSVGSVGElement\u003e'.\r"}
{"timestamp":"2026-06-23T18:06:30+08:00","level":"error","message":"   src/test/lib/archive-utils-binary.test.ts(2,10): error TS6133: 'isArchiveFile' is declared but its value is never read."}
{"timestamp":"2026-06-23T18:07:30+08:00","level":"info","message":"⏯ 开始全链路流水线..."}
{"timestamp":"2026-06-23T18:07:30+08:00","level":"info","message":"🔷 [pair] 开始流水线 (check → build → test → push → deploy)"}
{"timestamp":"2026-06-23T18:07:30+08:00","level":"info","message":"⚙️ [pair] 检查: npx tsc --noEmit | npx eslint src/ | npx vue-tsc --noEmit | npx eslint -c rules/eslint-vue.mjs src/ | mvn compile -Xlint:all | mvn checkstyle:check -Dcheckstyle.config=rules/checkstyle.xml | mvn compile -Xlint:all"}
{"timestamp":"2026-06-23T18:07:30+08:00","level":"info","message":"✅ [pair] check 通过 (0.0s)"}
{"timestamp":"2026-06-23T18:07:30+08:00","level":"info","message":"🔷 [pair-backend] 开始流水线 (check → build → test → push → deploy)"}
{"timestamp":"2026-06-23T18:07:30+08:00","level":"info","message":"⚙️ [pair-backend] 检查: npx tsc --noEmit | npx eslint src/ | npx vue-tsc --noEmit | npx eslint -c rules/eslint-vue.mjs src/ | mvn compile -Xlint:all | mvn checkstyle:check -Dcheckstyle.config=rules/checkstyle.xml | mvn compile -Xlint:all"}
{"timestamp":"2026-06-23T18:07:30+08:00","level":"info","message":"✅ [pair-backend] check 通过 (0.0s)"}
{"timestamp":"2026-06-23T18:07:30+08:00","level":"info","message":"✅ 全链路流水线执行完毕"}
{"timestamp":"2026-06-23T21:43:07+08:00","level":"info","message":"👀 [pair] 文件监听已开启"}
{"timestamp":"2026-06-23T21:43:08+08:00","level":"info","message":"👀 [pair] 文件监听已关闭"}
{"timestamp":"2026-06-23T21:43:11+08:00","level":"info","message":"🔔 桌面通知: 已开启"}
{"timestamp":"2026-06-23T21:43:15+08:00","level":"info","message":"👀 [pair] 文件监听已开启"}
{"timestamp":"2026-06-23T21:43:16+08:00","level":"info","message":"👀 [pair] 文件监听已关闭"}
{"timestamp":"2026-06-23T21:45:11+08:00","level":"info","message":"🔔 桌面通知: 已关闭"}
{"timestamp":"2026-06-23T21:45:12+08:00","level":"info","message":"🔔 桌面通知: 已开启"}
{"timestamp":"2026-06-23T21:45:15+08:00","level":"info","message":"🔔 桌面通知: 已关闭"}
{"timestamp":"2026-06-23T21:45:17+08:00","level":"info","message":"🔔 桌面通知: 已开启"}
{"timestamp":"2026-06-23T21:45:19+08:00","level":"info","message":"🔔 桌面通知: 已关闭"}
{"timestamp":"2026-06-23T21:45:24+08:00","level":"info","message":"👀 [pair] 文件监听已开启"}
{"timestamp":"2026-06-23T21:45:25+08:00","level":"info","message":"👀 [pair] 文件监听已关闭"}
{"timestamp":"2026-06-23T21:46:27+08:00","level":"info","message":"📁 已打开: D:\\IDEA\\Project\\pair\\dist"}
{"timestamp":"2026-06-23T21:46:31+08:00","level":"info","message":"📁 已打开: D:\\IDEA\\Project\\pair-backend\\target"}
{"timestamp":"2026-06-23T21:46:39+08:00","level":"info","message":"🔍 检测到 1 个 Git 远程，点击「从 Git 检测」导入"}
{"timestamp":"2026-06-23T21:47:10+08:00","level":"info","message":"👀 已开启 2 个项目"}
{"timestamp":"2026-06-23T21:47:11+08:00","level":"info","message":"👀 文件监听已关闭"}
{"timestamp":"2026-06-23T21:47:13+08:00","level":"info","message":"👀 已开启 2 个项目"}
{"timestamp":"2026-06-23T21:47:13+08:00","level":"info","message":"👀 文件监听已关闭"}
{"timestamp":"2026-06-23T21:47:14+08:00","level":"info","message":"👀 已开启 2 个项目"}
{"timestamp":"2026-06-23T21:47:15+08:00","level":"info","message":"👀 [pair] 文件监听已关闭"}
{"timestamp":"2026-06-23T21:47:18+08:00","level":"info","message":"👀 文件监听已关闭"}
